2024-01-26 00:04:14.140 - INFO - Key received - ~Enter
2024-01-26 00:04:14.828 - INFO - Key received - ~Enter
2024-01-26 00:04:16.078 - INFO - Key received - ~Enter
2024-01-26 00:04:17.359 - INFO - Key received - ~Enter
2024-01-26 00:04:18.750 - INFO - Key received - ~Enter
2024-01-26 00:04:19.875 - INFO - Key received - ~Enter
2024-01-26 00:04:20.796 - INFO - Key received - ~Enter
2024-01-26 00:04:21.406 - INFO - Key received - ~Enter
2024-01-26 00:04:22.531 - INFO - Key received - ~Enter
2024-01-26 00:09:19.578 - INFO - Key received - ~Enter
2024-01-26 00:09:20.953 - INFO - Key received - ~Enter
2024-01-26 00:09:20.203 - INFO - Key received - ~Enter
2024-01-26 00:09:21.109 - INFO - Key received - ~Enter
2024-01-26 00:09:22.062 - INFO - Key received - ~Enter
2024-01-26 00:09:22.750 - INFO - Key received - ~Enter
2024-01-26 00:09:27.609 - INFO - Key received - ~Enter
2024-01-26 00:09:28.046 - INFO - Key received - ~Enter
2024-01-26 00:09:28.390 - INFO - Key received - ~Enter
2024-01-26 00:09:28.656 - INFO - Key received - ~Enter
2024-01-26 00:09:30.109 - INFO - Key received - ~Enter
2024-01-26 00:13:56.843 - INFO - Key received - ~Enter
2024-01-26 00:13:57.703 - INFO - Key received - ~Enter
2024-01-26 00:13:59.250 - INFO - Key received - ~Enter
2024-01-26 00:14:05.234 - INFO - Key received - ~Enter
2024-01-26 00:14:05.843 - INFO - Key received - ~Enter
2024-01-26 00:14:06.343 - INFO - Key received - ~Enter
2024-01-26 00:14:06.828 - INFO - Key received - ~Enter
2024-01-26 00:14:07.375 - INFO - Key received - ~Enter
2024-01-26 00:16:14.562 - INFO - Key received - ~m
2024-01-26 00:16:15.781 - INFO - Key received - ~m
2024-01-26 00:17:12.140 - INFO - Key received - ~l
2024-01-26 00:17:12.562 - INFO - Key received - ~y
2024-01-26 00:17:12.875 - INFO - Key received - ~Enter
2024-01-26 00:17:14.609 - INFO - Key received - ~a
2024-01-26 00:17:14.843 - INFO - Key received - ~c
2024-01-26 00:17:15.031 - INFO - Key received - ~c
2024-01-26 00:17:15.203 - INFO - Key received - ~Space
2024-01-26 00:17:15.750 - INFO - Key received - ~c
2024-01-26 00:17:15.906 - INFO - Key received - ~o
2024-01-26 00:17:16.093 - INFO - Key received - ~s
2024-01-26 00:17:16.265 - INFO - Key received - ~Space
2024-01-26 00:17:18.859 - INFO - Key received - ~t
2024-01-26 00:17:19.062 - INFO - Key received - ~r
2024-01-26 00:17:19.140 - INFO - Key received - ~e
2024-01-26 00:17:19.218 - INFO - Key received - ~o
2024-01-26 00:17:19.296 - INFO - Key received - ~Space
2024-01-26 00:17:19.421 - INFO - Key received - ~j
2024-01-26 00:17:19.578 - INFO - Key received - ~Space
2024-01-26 00:17:19.703 - INFO - Key received - ~k
2024-01-26 00:17:20.250 - INFO - Key received - ~Enter
2024-01-26 00:17:20.765 - INFO - Key received - ~e
2024-01-26 00:17:21.953 - INFO - Key received - ~Space
2024-01-26 00:17:21.015 - INFO - Key received - ~m
2024-01-26 00:17:21.234 - INFO - Key received - ~u
2024-01-26 00:17:21.296 - INFO - Key received - ~o
2024-01-26 00:17:21.421 - INFO - Key received - ~w
2024-01-26 00:17:21.468 - INFO - Key received - ~n
2024-01-26 00:17:21.625 - INFO - Key received - ~j
2024-01-26 00:17:21.765 - INFO - Key received - ~Space
2024-01-26 00:17:22.968 - INFO - Key received - ~c
2024-01-26 00:17:22.000 - INFO - Key received - ~h
2024-01-26 00:17:22.203 - INFO - Key received - ~a
2024-01-26 00:17:22.218 - INFO - Key received - ~y
2024-01-26 00:17:22.421 - INFO - Key received - ~j
2024-01-26 00:17:22.593 - INFO - Key received - ~Space
2024-01-26 00:17:23.265 - INFO - Key received - ~Space
2024-01-26 00:17:23.500 - INFO - Key received - ~p
2024-01-26 00:17:23.656 - INFO - Key received - ~h
2024-01-26 00:17:23.718 - INFO - Key received - ~a
2024-01-26 00:17:23.796 - INFO - Key received - ~t
2024-01-26 00:17:24.984 - INFO - Key received - ~s
2024-01-26 00:17:24.156 - INFO - Key received - ~Enter
2024-01-26 00:18:06.875 - INFO - Key received - ~m
2024-01-26 00:18:07.046 - INFO - Key received - ~Space
2024-01-26 00:18:07.093 - INFO - Key received - ~m
2024-01-26 00:18:07.203 - INFO - Key received - ~o
2024-01-26 00:18:07.375 - INFO - Key received - ~o
2024-01-26 00:18:07.515 - INFO - Key received - ~Space
2024-01-26 00:18:07.625 - INFO - Key received - ~r
2024-01-26 00:18:07.703 - INFO - Key received - ~o
2024-01-26 00:18:07.859 - INFO - Key received - ~o
2024-01-26 00:18:07.890 - INFO - Key received - ~i
2024-01-26 00:18:08.015 - INFO - Key received - ~f
2024-01-26 00:18:08.062 - INFO - Key received - ~Space
2024-01-26 00:18:08.156 - INFO - Key received - ~k
2024-01-26 00:18:08.281 - INFO - Key received - ~h
2024-01-26 00:18:08.328 - INFO - Key received - ~o
2024-01-26 00:18:08.390 - INFO - Key received - ~a
2024-01-26 00:18:08.609 - INFO - Key received - ~Enter
2024-01-26 00:19:11.531 - INFO - Key received - ~3
2024-01-26 00:19:12.953 - INFO - Key received - ~Space
2024-01-26 00:19:12.109 - INFO - Key received - ~l
2024-01-26 00:19:12.218 - INFO - Key received - ~a
2024-01-26 00:19:12.296 - INFO - Key received - ~f
2024-01-26 00:19:12.375 - INFO - Key received - ~Space
2024-01-26 00:19:12.421 - INFO - Key received - ~p
2024-01-26 00:19:12.640 - INFO - Key received - ~h
2024-01-26 00:19:12.671 - INFO - Key received - ~o
2024-01-26 00:19:13.421 - INFO - Key received - ~x
2024-01-26 00:19:13.546 - INFO - Key received - ~o
2024-01-26 00:19:13.750 - INFO - Key received - ~n
2024-01-26 00:19:13.859 - INFO - Key received - ~g
2024-01-26 00:19:14.921 - INFO - Key received - ~Space
2024-01-26 00:19:14.015 - INFO - Key received - ~p
2024-01-26 00:19:14.031 - INFO - Key received - ~o
2024-01-26 00:19:14.218 - INFO - Key received - ~h
2024-01-26 00:19:14.328 - INFO - Key received - ~a
2024-01-26 00:19:14.375 - INFO - Key received - ~i
2024-01-26 00:19:15.328 - INFO - Key received - ~h
2024-01-26 00:19:15.437 - INFO - Key received - ~a
2024-01-26 00:19:15.515 - INFO - Key received - ~i
2024-01-26 00:19:15.640 - INFO - Key received - ~r
2024-01-26 00:19:15.718 - INFO - Key received - ~Space
2024-01-26 00:19:15.781 - INFO - Key received - ~k
2024-01-26 00:19:16.015 - INFO - Key received - ~Enter
2024-01-26 00:19:32.109 - INFO - Key received - ~Escape
2024-01-26 00:19:54.656 - INFO - Key received - ~Escape
2024-01-26 00:21:29.453 - INFO - Key received - ~Escape
2024-01-26 00:21:44.875 - INFO - Key received - ~f
2024-01-26 00:28:03.546 - INFO - Key received - ~Escape
2024-01-26 00:28:18.812 - INFO - Key received - ~q
2024-01-26 00:28:20.718 - INFO - Key received - ~Escape
2024-01-26 00:28:27.890 - INFO - Key received - ~s
2024-01-26 00:28:28.062 - INFO - Key received - ~c
2024-01-26 00:28:28.796 - INFO - Key received - ~t
2024-01-26 00:28:29.906 - INFO - Key received - ~a
2024-01-26 00:28:30.093 - INFO - Key received - ~Enter
2024-01-26 00:29:05.765 - INFO - Key received - ~Escape
2024-01-26 00:29:06.375 - INFO - Key received - ~f
2024-01-26 00:29:48.484 - INFO - Key received - ~f
2024-01-26 00:39:21.468 - INFO - Key received - ~Enter
2024-01-26 00:39:22.515 - INFO - Key received - ~Ctrl
2024-01-26 00:39:23.281 - INFO - Key received - ~Enter
2024-01-26 00:39:24.046 - INFO - Key received - ~d
2024-01-26 00:39:24.109 - INFO - Key received - ~o
2024-01-26 00:39:24.265 - INFO - Key received - ~n
2024-01-26 00:39:24.375 - INFO - Key received - ~e
2024-01-26 00:39:24.515 - INFO - Key received - ~Space
2024-01-26 00:39:24.609 - INFO - Key received - ~n
2024-01-26 00:39:24.781 - INFO - Key received - ~h
2024-01-26 00:39:24.875 - INFO - Key received - ~a
2024-01-26 00:39:25.234 - INFO - Key received - ~Enter
2024-01-26 00:39:50.906 - INFO - Key received - ~Enter
2024-01-26 00:39:50.296 - INFO - Key received - ~Enter
2024-01-26 00:39:51.062 - INFO - Key received - ~Ctrl
2024-01-26 00:39:52.031 - INFO - Key received - ~Enter
2024-01-26 00:39:52.718 - INFO - Key received - ~k
2024-01-26 00:39:53.250 - INFO - Key received - ~t
2024-01-26 00:39:53.437 - INFO - Key received - ~r
2024-01-26 00:39:53.531 - INFO - Key received - ~o
2024-01-26 00:39:53.765 - INFO - Key received - ~Space
2024-01-26 00:39:53.859 - INFO - Key received - ~k
2024-01-26 00:39:54.015 - INFO - Key received - ~h
2024-01-26 00:39:54.062 - INFO - Key received - ~o
2024-01-26 00:39:54.171 - INFO - Key received - ~a
2024-01-26 00:39:54.421 - INFO - Key received - ~Enter
2024-01-26 00:41:48.812 - INFO - Key received - ~Escape
2024-01-26 00:41:49.281 - INFO - Key received - ~Escape
2024-01-26 00:42:23.531 - INFO - Key received - ~t
2024-01-26 00:42:23.796 - INFO - Key received - ~o
2024-01-26 00:42:24.000 - INFO - Key received - ~i
2024-01-26 00:42:24.218 - INFO - Key received - ~Space
2024-01-26 00:42:24.484 - INFO - Key received - ~c
2024-01-26 00:42:24.562 - INFO - Key received - ~h
2024-01-26 00:42:24.703 - INFO - Key received - ~u
2024-01-26 00:42:25.171 - INFO - Key received - ~Enter
2024-01-26 00:42:25.796 - INFO - Key received - ~k
2024-01-26 00:42:26.640 - INFO - Key received - ~e
2024-01-26 00:42:26.765 - INFO - Key received - ~o
2024-01-26 00:42:27.968 - INFO - Key received - ~Space
2024-01-26 00:42:27.531 - INFO - Key received - ~4
2024-01-26 00:42:29.031 - INFO - Key received - ~Enter
2024-01-26 00:44:43.718 - INFO - Key received - ~q
2024-01-26 00:44:43.875 - INFO - Key received - ~u
2024-01-26 00:44:44.015 - INFO - Key received - ~e
2024-01-26 00:44:44.234 - INFO - Key received - ~n
2024-01-26 00:44:45.796 - INFO - Key received - ~Space
2024-01-26 00:44:46.000 - INFO - Key received - ~t
2024-01-26 00:44:46.125 - INFO - Key received - ~u
2024-01-26 00:44:46.843 - INFO - Key received - ~Space
2024-01-26 00:44:47.968 - INFO - Key received - ~h
2024-01-26 00:44:47.093 - INFO - Key received - ~a
2024-01-26 00:44:47.203 - INFO - Key received - ~n
2024-01-26 00:44:47.312 - INFO - Key received - ~h
2024-01-26 00:44:47.531 - INFO - Key received - ~Space
2024-01-26 00:44:47.718 - INFO - Key received - ~c
2024-01-26 00:44:47.765 - INFO - Key received - ~h
2024-01-26 00:44:47.828 - INFO - Key received - ~o
2024-01-26 00:44:48.953 - INFO - Key received - ~Space
2024-01-26 00:44:48.156 - INFO - Key received - ~y
2024-01-26 00:44:48.375 - INFO - Key received - ~u
2024-01-26 00:44:49.015 - INFO - Key received - ~i
2024-01-26 00:44:49.390 - INFO - Key received - ~Enter
2024-01-26 00:44:50.218 - INFO - Key received - ~g
2024-01-26 00:44:50.296 - INFO - Key received - ~i
2024-01-26 00:44:50.343 - INFO - Key received - ~o
2024-01-26 00:44:50.625 - INFO - Key received - ~Space
2024-01-26 00:44:51.984 - INFO - Key received - ~p
2024-01-26 00:44:51.187 - INFO - Key received - ~h
2024-01-26 00:44:51.281 - INFO - Key received - ~a
2024-01-26 00:44:51.375 - INFO - Key received - ~i
2024-01-26 00:44:51.531 - INFO - Key received - ~Space
2024-01-26 00:44:51.625 - INFO - Key received - ~l
2024-01-26 00:44:51.828 - INFO - Key received - ~o
2024-01-26 00:44:52.921 - INFO - Key received - ~g
2024-01-26 00:44:52.968 - INFO - Key received - ~Space
2024-01-26 00:44:52.109 - INFO - Key received - ~l
2024-01-26 00:44:52.187 - INFO - Key received - ~a
2024-01-26 00:44:52.296 - INFO - Key received - ~i
2024-01-26 00:44:52.609 - INFO - Key received - ~Enter
2024-01-26 00:46:29.281 - INFO - Key received - ~1
2024-01-26 00:46:29.421 - INFO - Key received - ~3
2024-01-26 00:46:29.546 - INFO - Key received - ~2
2024-01-26 00:46:29.750 - INFO - Key received - ~1
2024-01-26 00:46:30.906 - INFO - Key received - ~1
2024-01-26 00:46:30.968 - INFO - Key received - ~2
2024-01-26 00:47:26.218 - INFO - Key received - ~o
2024-01-26 00:47:27.031 - INFO - Key received - ~n
2024-01-26 00:47:27.093 - INFO - Key received - ~o
2024-01-26 00:47:27.406 - INFO - Key received - ~Space
2024-01-26 00:47:27.578 - INFO - Key received - ~c
2024-01-26 00:47:27.671 - INFO - Key received - ~h
2024-01-26 00:47:27.828 - INFO - Key received - ~u
2024-01-26 00:47:28.187 - INFO - Key received - ~Space
2024-01-26 00:47:28.265 - INFO - Key received - ~a
2024-01-26 00:47:28.375 - INFO - Key received - ~i
2024-01-26 00:47:28.625 - INFO - Key received - ~Enter
2024-01-26 00:47:29.984 - INFO - Key received - ~t
2024-01-26 00:47:29.218 - INFO - Key received - ~e
2024-01-26 00:47:29.484 - INFO - Key received - ~n
2024-01-26 00:47:29.593 - INFO - Key received - ~Space
2024-01-26 00:47:29.671 - INFO - Key received - ~n
2024-01-26 00:47:29.765 - INFO - Key received - ~o
2024-01-26 00:47:30.953 - INFO - Key received - ~Space
2024-01-26 00:47:30.250 - INFO - Key received - ~g
2024-01-26 00:47:30.343 - INFO - Key received - ~h
2024-01-26 00:47:30.390 - INFO - Key received - ~i
2024-01-26 00:47:31.421 - INFO - Key received - ~r
2024-01-26 00:47:31.500 - INFO - Key received - ~a
2024-01-26 00:47:31.625 - INFO - Key received - ~n
2024-01-26 00:47:31.812 - INFO - Key received - ~h
2024-01-26 00:47:32.531 - INFO - Key received - ~Space
2024-01-26 00:47:32.656 - INFO - Key received - ~r
2024-01-26 00:47:32.765 - INFO - Key received - ~a
2024-01-26 00:47:32.828 - INFO - Key received - ~n
2024-01-26 00:47:33.000 - INFO - Key received - ~h
2024-01-26 00:47:33.187 - INFO - Key received - ~Space
2024-01-26 00:47:33.515 - INFO - Key received - ~r
2024-01-26 00:47:33.609 - INFO - Key received - ~a
2024-01-26 00:47:33.765 - INFO - Key received - ~Space
2024-01-26 00:47:34.906 - INFO - Key received - ~k
2024-01-26 00:47:34.093 - INFO - Key received - ~i
2024-01-26 00:47:34.187 - INFO - Key received - ~a
2024-01-26 00:47:34.468 - INFO - Key received - ~Enter
2024-01-26 00:48:17.656 - INFO - Key received - ~t
2024-01-26 00:48:17.765 - INFO - Key received - ~h
2024-01-26 00:48:17.812 - INFO - Key received - ~i
2024-01-26 00:48:18.093 - INFO - Key received - ~Space
2024-01-26 00:48:18.156 - INFO - Key received - ~l
2024-01-26 00:48:18.343 - INFO - Key received - ~o
2024-01-26 00:48:18.453 - INFO - Key received - ~g
2024-01-26 00:48:18.531 - INFO - Key received - ~Space
2024-01-26 00:48:18.609 - INFO - Key received - ~l
2024-01-26 00:48:18.750 - INFO - Key received - ~a
2024-01-26 00:48:18.828 - INFO - Key received - ~i
2024-01-26 00:48:19.078 - INFO - Key received - ~Space
2024-01-26 00:48:19.203 - INFO - Key received - ~d
2024-01-26 00:48:19.578 - INFO - Key received - ~e
2024-01-26 00:48:19.859 - INFO - Key received - ~Space
2024-01-26 00:48:20.000 - INFO - Key received - ~t
2024-01-26 00:48:20.156 - INFO - Key received - ~u
2024-01-26 00:48:20.343 - INFO - Key received - ~Space
2024-01-26 00:48:20.453 - INFO - Key received - ~l
2024-01-26 00:48:20.640 - INFO - Key received - ~u
2024-01-26 00:48:20.812 - INFO - Key received - ~y
2024-01-26 00:48:21.890 - INFO - Key received - ~e
2024-01-26 00:48:21.015 - INFO - Key received - ~n
2024-01-26 00:48:21.234 - INFO - Key received - ~Space
2024-01-26 00:48:22.906 - INFO - Key received - ~Space
2024-01-26 00:48:22.078 - INFO - Key received - ~c
2024-01-26 00:48:22.125 - INFO - Key received - ~h
2024-01-26 00:48:22.171 - INFO - Key received - ~o
2024-01-26 00:48:22.312 - INFO - Key received - ~Space
2024-01-26 00:48:23.609 - INFO - Key received - ~u
2024-01-26 00:48:23.843 - INFO - Key received - ~i
2024-01-26 00:48:24.109 - INFO - Key received - ~Space
2024-01-26 00:48:24.218 - INFO - Key received - ~m
2024-01-26 00:48:24.343 - INFO - Key received - ~a
2024-01-26 00:48:24.640 - INFO - Key received - ~Enter
2024-01-26 00:48:52.093 - INFO - Key received - ~m
2024-01-26 00:48:52.281 - INFO - Key received - ~e
2024-01-26 00:48:52.515 - INFO - Key received - ~n
2024-01-26 00:48:52.687 - INFO - Key received - ~h
2024-01-26 00:55:57.593 - INFO - Key received - ~Enter
2024-01-26 00:55:57.843 - INFO - Key received - ~Enter
2024-01-26 00:55:58.078 - INFO - Key received - ~Enter
2024-01-26 00:55:58.312 - INFO - Key received - ~Enter
2024-01-26 00:55:58.546 - INFO - Key received - ~Enter
2024-01-26 00:55:58.765 - INFO - Key received - ~Enter
2024-01-26 00:57:49.140 - INFO - Key received - ~Ctrl
2024-01-26 00:58:52.968 - INFO - Key received - ~Ctrl
2024-01-26 00:58:54.828 - INFO - Key received - ~Enter
2024-01-26 01:02:27.500 - INFO - Key received - ~Enter
2024-01-26 01:02:27.734 - INFO - Key received - ~Enter
2024-01-26 01:02:28.937 - INFO - Key received - ~Enter
2024-01-26 01:02:28.125 - INFO - Key received - ~Enter
2024-01-26 01:02:28.359 - INFO - Key received - ~Enter
2024-01-26 01:02:28.562 - INFO - Key received - ~Enter
2024-01-26 01:02:28.750 - INFO - Key received - ~Enter
