2024-01-25 21:22:30.109 - INFO - Key received - ~Escape
2024-01-25 21:28:46.265 - INFO - Key received - ~Ctrl
2024-01-25 21:32:43.062 - INFO - Key received - ~Ctrl
2024-01-25 21:32:43.562 - INFO - Key received - ~Ctrl
2024-01-25 21:32:43.593 - INFO - Key received - ~Ctrl
2024-01-25 21:32:51.140 - INFO - Key received - ~Ctrl
2024-01-25 21:33:14.562 - INFO - Key received - ~Enter
2024-01-25 21:33:32.125 - INFO - Key received - ~Ctrl
2024-01-25 21:33:33.234 - INFO - Key received - ~Ctrl
2024-01-25 21:33:35.515 - INFO - Key received - ~Ctrl
2024-01-25 21:33:36.031 - INFO - Key received - ~Ctrl
2024-01-25 21:33:36.062 - INFO - Key received - ~Ctrl
2024-01-25 21:33:36.906 - INFO - Key received - ~Ctrl
2024-01-25 21:34:08.500 - INFO - Key received - ~Space
2024-01-25 21:34:13.234 - INFO - Key received - ~5
2024-01-25 21:34:15.968 - INFO - Key received - ~Ctrl
2024-01-25 21:34:22.078 - INFO - Key received - ~Enter
2024-01-25 21:35:01.937 - INFO - Key received - ~Ctrl
2024-01-25 21:35:02.250 - INFO - Key received - ~Ctrl
2024-01-25 21:35:02.750 - INFO - Key received - ~Ctrl
2024-01-25 21:35:02.796 - INFO - Key received - ~Ctrl
2024-01-25 21:35:02.828 - INFO - Key received - ~Ctrl
2024-01-25 21:35:05.781 - INFO - Key received - ~Enter
2024-01-25 21:36:05.937 - INFO - Key received - ~Ctrl
2024-01-25 21:36:05.921 - INFO - Key received - ~Ctrl
2024-01-25 21:36:09.109 - INFO - Key received - ~Enter
2024-01-25 21:38:42.343 - INFO - Key received - ~Space
2024-01-25 21:38:43.546 - INFO - Key received - ~5
2024-01-25 21:38:46.203 - INFO - Key received - ~Ctrl
2024-01-25 21:41:41.234 - INFO - Key received - ~Enter
2024-01-25 21:41:53.906 - INFO - Key received - ~Ctrl
2024-01-25 21:42:00.078 - INFO - Key received - ~Space
2024-01-25 21:42:01.484 - INFO - Key received - ~5
2024-01-25 21:42:07.062 - INFO - Key received - ~Space
2024-01-25 21:42:07.390 - INFO - Key received - ~5
2024-01-25 21:42:08.328 - INFO - Key received - ~Ctrl
2024-01-25 21:42:13.296 - INFO - Key received - ~Enter
2024-01-25 21:43:06.406 - INFO - Key received - ~Escape
2024-01-25 21:43:06.593 - INFO - Key received - ~Escape
2024-01-25 21:43:06.734 - INFO - Key received - ~Escape
2024-01-25 21:43:31.421 - INFO - Key received - ~Ctrl
2024-01-25 21:43:33.156 - INFO - Key received - ~Enter
2024-01-25 21:43:33.437 - INFO - Key received - ~Ctrl
2024-01-25 21:43:47.781 - INFO - Key received - ~Ctrl
2024-01-25 21:43:49.093 - INFO - Key received - ~e
2024-01-25 21:43:49.218 - INFO - Key received - ~n
2024-01-25 21:43:49.343 - INFO - Key received - ~d
2024-01-25 21:43:53.640 - INFO - Key received - ~Ctrl
2024-01-25 21:43:58.187 - INFO - Key received - ~Ctrl
2024-01-25 21:44:06.265 - INFO - Key received - ~Ctrl
2024-01-25 21:44:08.828 - INFO - Key received - ~Ctrl
2024-01-25 21:44:11.609 - INFO - Key received - ~Ctrl
2024-01-25 21:44:25.718 - INFO - Key received - ~s
2024-01-25 21:44:25.906 - INFO - Key received - ~s
2024-01-25 21:44:26.390 - INFO - Key received - ~c
2024-01-25 21:44:26.500 - INFO - Key received - ~a
2024-01-25 21:44:26.703 - INFO - Key received - ~p
2024-01-25 21:44:26.859 - INFO - Key received - ~e
2024-01-25 21:44:35.984 - INFO - Key received - ~Ctrl
2024-01-25 21:44:38.609 - INFO - Key received - ~Enter
2024-01-25 21:44:49.843 - INFO - Key received - ~Enter
2024-01-25 21:44:54.062 - INFO - Key received - ~Ctrl
2024-01-25 21:44:54.562 - INFO - Key received - ~Ctrl
2024-01-25 21:44:54.609 - INFO - Key received - ~Ctrl
2024-01-25 21:44:54.640 - INFO - Key received - ~Ctrl
2024-01-25 21:44:54.671 - INFO - Key received - ~Ctrl
2024-01-25 21:44:54.703 - INFO - Key received - ~Ctrl
2024-01-25 21:44:54.734 - INFO - Key received - ~Ctrl
2024-01-25 21:44:54.765 - INFO - Key received - ~Ctrl
2024-01-25 21:44:54.796 - INFO - Key received - ~Ctrl
2024-01-25 21:44:54.828 - INFO - Key received - ~Ctrl
2024-01-25 21:44:56.125 - INFO - Key received - ~Enter
2024-01-25 21:45:00.093 - INFO - Key received - ~Enter
2024-01-25 21:45:05.390 - INFO - Key received - ~Ctrl
2024-01-25 21:45:08.359 - INFO - Key received - ~Enter
2024-01-25 21:47:46.906 - INFO - Key received - ~Ctrl
2024-01-25 21:47:50.312 - INFO - Key received - ~Ctrl
2024-01-25 21:47:50.812 - INFO - Key received - ~Ctrl
2024-01-25 21:47:55.078 - INFO - Key received - ~Enter
2024-01-25 21:47:56.109 - INFO - Key received - ~Ctrl
2024-01-25 21:48:01.281 - INFO - Key received - ~Enter
2024-01-25 21:48:38.187 - INFO - Key received - ~Ctrl
2024-01-25 21:48:38.703 - INFO - Key received - ~Ctrl
2024-01-25 21:48:38.734 - INFO - Key received - ~Ctrl
2024-01-25 21:48:41.687 - INFO - Key received - ~Ctrl
2024-01-25 21:49:04.000 - INFO - Key received - ~Ctrl
2024-01-25 21:49:08.109 - INFO - Key received - ~Ctrl
2024-01-25 21:49:30.687 - INFO - Key received - ~Ctrl
2024-01-25 21:49:32.593 - INFO - Key received - ~Ctrl
2024-01-25 21:49:53.359 - INFO - Key received - ~a
2024-01-25 21:50:02.281 - INFO - Key received - ~Ctrl
2024-01-25 21:50:02.453 - INFO - Key received - ~Ctrl
2024-01-25 21:50:02.546 - INFO - Key received - ~i
2024-01-25 21:50:02.703 - INFO - Key received - ~n
2024-01-25 21:51:09.328 - INFO - Key received - ~Ctrl
2024-01-25 21:51:24.328 - INFO - Key received - ~Ctrl
2024-01-25 21:52:20.484 - INFO - Key received - ~g
2024-01-25 21:52:20.734 - INFO - Key received - ~e
2024-01-25 21:52:20.828 - INFO - Key received - ~t
2024-01-25 21:52:21.468 - INFO - Key received - ~a
2024-01-25 21:52:21.625 - INFO - Key received - ~h
2024-01-25 21:52:21.828 - INFO - Key received - ~k
2024-01-25 21:52:22.031 - INFO - Key received - ~Space
2024-01-25 21:52:22.281 - INFO - Key received - ~g
2024-01-25 21:52:22.437 - INFO - Key received - ~e
2024-01-25 21:52:22.500 - INFO - Key received - ~t
2024-01-25 21:52:22.609 - INFO - Key received - ~Space
2024-01-25 21:52:22.781 - INFO - Key received - ~c
2024-01-25 21:52:22.859 - INFO - Key received - ~u
2024-01-25 21:52:23.046 - INFO - Key received - ~r
2024-01-25 21:52:23.265 - INFO - Key received - ~r
2024-01-25 21:52:23.406 - INFO - Key received - ~r
2024-01-25 21:52:23.468 - INFO - Key received - ~e
2024-01-25 21:52:23.609 - INFO - Key received - ~n
2024-01-25 21:52:25.062 - INFO - Key received - ~Enter
2024-01-25 21:53:42.718 - INFO - Key received - ~Escape
2024-01-25 21:53:46.718 - INFO - Key received - ~n
2024-01-25 21:53:47.140 - INFO - Key received - ~a
2024-01-25 21:53:47.781 - INFO - Key received - ~h
2024-01-25 21:53:47.890 - INFO - Key received - ~a
2024-01-25 21:53:48.968 - INFO - Key received - ~y
2024-01-25 21:53:48.109 - INFO - Key received - ~r
2024-01-25 21:53:48.250 - INFO - Key received - ~Space
2024-01-25 21:53:49.015 - INFO - Key received - ~t
2024-01-25 21:53:49.390 - INFO - Key received - ~r
2024-01-25 21:53:49.468 - INFO - Key received - ~e
2024-01-25 21:53:49.640 - INFO - Key received - ~e
2024-01-25 21:53:49.718 - INFO - Key received - ~n
2024-01-25 21:53:49.828 - INFO - Key received - ~Space
2024-01-25 21:53:49.921 - INFO - Key received - ~b
2024-01-25 21:53:50.984 - INFO - Key received - ~a
2024-01-25 21:53:50.093 - INFO - Key received - ~n
2024-01-25 21:53:50.187 - INFO - Key received - ~r
2024-01-25 21:53:50.250 - INFO - Key received - ~Space
2024-01-25 21:53:50.375 - INFO - Key received - ~d
2024-01-25 21:53:50.468 - INFO - Key received - ~o
2024-01-25 21:53:50.531 - INFO - Key received - ~d
2024-01-25 21:53:50.625 - INFO - Key received - ~o
2024-01-25 21:53:50.703 - INFO - Key received - ~f
2024-01-25 21:53:51.015 - INFO - Key received - ~Enter
2024-01-25 21:53:51.140 - INFO - Key received - ~d
2024-01-25 21:53:51.312 - INFO - Key received - ~d
2024-01-25 21:53:51.359 - INFO - Key received - ~c
2024-01-25 21:53:51.484 - INFO - Key received - ~Space
2024-01-25 21:53:51.546 - INFO - Key received - ~k
2024-01-25 21:53:51.750 - INFO - Key received - ~Space
2024-01-25 21:53:51.781 - INFO - Key received - ~k
2024-01-25 21:53:52.953 - INFO - Key received - ~h
2024-01-25 21:53:52.015 - INFO - Key received - ~o
2024-01-25 21:53:52.093 - INFO - Key received - ~a
2024-01-25 21:53:52.296 - INFO - Key received - ~Enter
2024-01-25 21:54:59.734 - INFO - Key received - ~Ctrl
2024-01-25 21:55:07.109 - INFO - Key received - ~Ctrl
2024-01-25 21:55:08.609 - INFO - Key received - ~Ctrl
2024-01-25 21:55:12.640 - INFO - Key received - ~Ctrl
2024-01-25 21:55:13.156 - INFO - Key received - ~Ctrl
2024-01-25 21:55:13.187 - INFO - Key received - ~Ctrl
2024-01-25 21:55:13.218 - INFO - Key received - ~Ctrl
2024-01-25 21:55:13.250 - INFO - Key received - ~Ctrl
2024-01-25 21:55:13.281 - INFO - Key received - ~Ctrl
2024-01-25 21:55:13.312 - INFO - Key received - ~Ctrl
2024-01-25 21:55:13.359 - INFO - Key received - ~Ctrl
2024-01-25 21:55:13.390 - INFO - Key received - ~Ctrl
2024-01-25 21:55:13.421 - INFO - Key received - ~Ctrl
2024-01-25 21:55:13.453 - INFO - Key received - ~Ctrl
2024-01-25 21:55:13.468 - INFO - Key received - ~Ctrl
2024-01-25 21:55:13.500 - INFO - Key received - ~Ctrl
2024-01-25 21:55:13.531 - INFO - Key received - ~Ctrl
2024-01-25 21:55:13.578 - INFO - Key received - ~Ctrl
2024-01-25 21:55:13.609 - INFO - Key received - ~Ctrl
2024-01-25 21:55:13.640 - INFO - Key received - ~Ctrl
2024-01-25 21:55:13.687 - INFO - Key received - ~Ctrl
2024-01-25 21:55:13.703 - INFO - Key received - ~Ctrl
2024-01-25 21:55:13.734 - INFO - Key received - ~Ctrl
2024-01-25 21:55:13.765 - INFO - Key received - ~Ctrl
2024-01-25 21:55:13.812 - INFO - Key received - ~Ctrl
2024-01-25 21:55:13.828 - INFO - Key received - ~Ctrl
2024-01-25 21:55:13.875 - INFO - Key received - ~Ctrl
2024-01-25 21:55:13.906 - INFO - Key received - ~Ctrl
2024-01-25 21:55:14.953 - INFO - Key received - ~Ctrl
2024-01-25 21:55:14.968 - INFO - Key received - ~Ctrl
2024-01-25 21:55:14.000 - INFO - Key received - ~Ctrl
2024-01-25 21:55:14.031 - INFO - Key received - ~Ctrl
2024-01-25 21:55:14.062 - INFO - Key received - ~Ctrl
2024-01-25 21:55:14.093 - INFO - Key received - ~Ctrl
2024-01-25 21:55:14.140 - INFO - Key received - ~Ctrl
2024-01-25 21:55:14.171 - INFO - Key received - ~Ctrl
2024-01-25 21:55:14.203 - INFO - Key received - ~Ctrl
2024-01-25 21:55:14.234 - INFO - Key received - ~Ctrl
2024-01-25 21:55:14.265 - INFO - Key received - ~Ctrl
2024-01-25 21:55:14.296 - INFO - Key received - ~Ctrl
2024-01-25 21:55:14.328 - INFO - Key received - ~Ctrl
2024-01-25 21:55:14.375 - INFO - Key received - ~Ctrl
2024-01-25 21:55:14.406 - INFO - Key received - ~Ctrl
2024-01-25 21:55:14.437 - INFO - Key received - ~Ctrl
2024-01-25 21:55:14.468 - INFO - Key received - ~Ctrl
2024-01-25 21:55:14.500 - INFO - Key received - ~Ctrl
2024-01-25 21:55:14.531 - INFO - Key received - ~Ctrl
2024-01-25 21:55:14.562 - INFO - Key received - ~Ctrl
2024-01-25 21:55:14.609 - INFO - Key received - ~Ctrl
2024-01-25 21:55:14.640 - INFO - Key received - ~Ctrl
2024-01-25 21:55:14.671 - INFO - Key received - ~Ctrl
2024-01-25 21:55:14.703 - INFO - Key received - ~Ctrl
2024-01-25 21:55:14.734 - INFO - Key received - ~Ctrl
2024-01-25 21:55:14.765 - INFO - Key received - ~Ctrl
2024-01-25 21:55:14.812 - INFO - Key received - ~Ctrl
2024-01-25 21:55:14.843 - INFO - Key received - ~Ctrl
2024-01-25 21:55:14.875 - INFO - Key received - ~Ctrl
2024-01-25 21:55:14.906 - INFO - Key received - ~Ctrl
2024-01-25 21:55:14.921 - INFO - Key received - ~Ctrl
2024-01-25 21:55:15.953 - INFO - Key received - ~Ctrl
2024-01-25 21:55:15.984 - INFO - Key received - ~Ctrl
2024-01-25 21:55:15.031 - INFO - Key received - ~Ctrl
2024-01-25 21:55:15.062 - INFO - Key received - ~Ctrl
2024-01-25 21:55:15.093 - INFO - Key received - ~Ctrl
2024-01-25 21:55:15.125 - INFO - Key received - ~Ctrl
2024-01-25 21:55:18.156 - INFO - Key received - ~Ctrl
2024-01-25 21:55:34.421 - INFO - Key received - ~d
2024-01-25 21:56:00.031 - INFO - Key received - ~Ctrl
2024-01-25 21:56:01.687 - INFO - Key received - ~Ctrl
2024-01-25 21:56:05.312 - INFO - Key received - ~Ctrl
2024-01-25 21:56:15.171 - INFO - Key received - ~Ctrl
2024-01-25 21:56:17.046 - INFO - Key received - ~Ctrl
2024-01-25 21:56:20.281 - INFO - Key received - ~Enter
2024-01-25 21:57:10.875 - INFO - Key received - ~Ctrl
2024-01-25 21:57:20.640 - INFO - Key received - ~Ctrl
2024-01-25 21:57:32.250 - INFO - Key received - ~Enter
2024-01-25 21:57:32.437 - INFO - Key received - ~Enter
2024-01-25 21:57:33.515 - INFO - Key received - ~Ctrl
2024-01-25 21:57:35.921 - INFO - Key received - ~Ctrl
2024-01-25 21:57:36.421 - INFO - Key received - ~Ctrl
2024-01-25 21:57:39.125 - INFO - Key received - ~Enter
2024-01-25 22:01:45.125 - INFO - Key received - ~Ctrl
2024-01-25 22:01:45.625 - INFO - Key received - ~Ctrl
2024-01-25 22:01:45.656 - INFO - Key received - ~Ctrl
2024-01-25 22:01:45.687 - INFO - Key received - ~Ctrl
2024-01-25 22:01:45.734 - INFO - Key received - ~Ctrl
2024-01-25 22:01:45.750 - INFO - Key received - ~Ctrl
2024-01-25 22:01:45.781 - INFO - Key received - ~Ctrl
2024-01-25 22:01:45.828 - INFO - Key received - ~Ctrl
2024-01-25 22:01:45.859 - INFO - Key received - ~Ctrl
2024-01-25 22:08:11.875 - INFO - Key received - ~Ctrl
2024-01-25 22:08:16.812 - INFO - Key received - ~Ctrl
2024-01-25 22:08:17.328 - INFO - Key received - ~Ctrl
2024-01-25 22:08:17.359 - INFO - Key received - ~Ctrl
2024-01-25 22:08:17.390 - INFO - Key received - ~Ctrl
2024-01-25 22:08:17.421 - INFO - Key received - ~Ctrl
2024-01-25 22:08:17.453 - INFO - Key received - ~Ctrl
2024-01-25 22:08:17.484 - INFO - Key received - ~Ctrl
2024-01-25 22:08:17.531 - INFO - Key received - ~Ctrl
2024-01-25 22:08:17.562 - INFO - Key received - ~Ctrl
2024-01-25 22:08:17.593 - INFO - Key received - ~Ctrl
2024-01-25 22:08:17.625 - INFO - Key received - ~Ctrl
2024-01-25 22:08:17.656 - INFO - Key received - ~Ctrl
2024-01-25 22:08:17.687 - INFO - Key received - ~Ctrl
2024-01-25 22:08:17.718 - INFO - Key received - ~Ctrl
2024-01-25 22:08:17.765 - INFO - Key received - ~Ctrl
2024-01-25 22:08:17.796 - INFO - Key received - ~Ctrl
2024-01-25 22:08:17.828 - INFO - Key received - ~Ctrl
2024-01-25 22:08:17.859 - INFO - Key received - ~Ctrl
2024-01-25 22:08:17.890 - INFO - Key received - ~Ctrl
2024-01-25 22:08:17.921 - INFO - Key received - ~Ctrl
2024-01-25 22:08:18.953 - INFO - Key received - ~Ctrl
2024-01-25 22:08:18.984 - INFO - Key received - ~Ctrl
2024-01-25 22:08:18.015 - INFO - Key received - ~Ctrl
2024-01-25 22:09:55.046 - INFO - Key received - ~t
2024-01-25 22:09:55.218 - INFO - Key received - ~i
2024-01-25 22:09:55.359 - INFO - Key received - ~s
2024-01-25 22:09:55.468 - INFO - Key received - ~Space
2024-01-25 22:09:55.562 - INFO - Key received - ~d
2024-01-25 22:09:55.734 - INFO - Key received - ~d
2024-01-25 22:09:55.906 - INFO - Key received - ~e
2024-01-25 22:09:56.000 - INFO - Key received - ~m
2024-01-25 22:09:56.093 - INFO - Key received - ~Space
2024-01-25 22:09:56.218 - INFO - Key received - ~m
2024-01-25 22:09:56.265 - INFO - Key received - ~a
2024-01-25 22:09:56.437 - INFO - Key received - ~y
2024-01-25 22:09:56.578 - INFO - Key received - ~s
2024-01-25 22:09:56.656 - INFO - Key received - ~Space
2024-01-25 22:09:56.875 - INFO - Key received - ~v
2024-01-25 22:09:56.937 - INFO - Key received - ~o
2024-01-25 22:09:57.078 - INFO - Key received - ~o
2024-01-25 22:09:57.156 - INFO - Key received - ~Space
2024-01-25 22:09:57.281 - INFO - Key received - ~a
2024-01-25 22:09:57.468 - INFO - Key received - ~Space
2024-01-25 22:09:57.593 - INFO - Key received - ~v
2024-01-25 22:09:57.687 - INFO - Key received - ~o
2024-01-25 22:09:57.750 - INFO - Key received - ~i
2024-01-25 22:09:57.828 - INFO - Key received - ~w
2024-01-25 22:09:58.015 - INFO - Key received - ~s
2024-01-25 22:09:58.093 - INFO - Key received - ~Space
2024-01-25 22:09:58.140 - INFO - Key received - ~n
2024-01-25 22:09:58.281 - INFO - Key received - ~h
2024-01-25 22:09:58.359 - INFO - Key received - ~a
2024-01-25 22:09:58.593 - INFO - Key received - ~Enter
2024-01-25 22:11:22.906 - INFO - Key received - ~Ctrl
2024-01-25 22:11:47.093 - INFO - Key received - ~Ctrl
2024-01-25 22:11:47.921 - INFO - Key received - ~Ctrl
2024-01-25 22:11:55.734 - INFO - Key received - ~Ctrl
2024-01-25 22:11:56.562 - INFO - Key received - ~Ctrl
2024-01-25 22:11:57.078 - INFO - Key received - ~Ctrl
2024-01-25 22:11:57.109 - INFO - Key received - ~Ctrl
2024-01-25 22:11:57.140 - INFO - Key received - ~Ctrl
2024-01-25 22:11:57.171 - INFO - Key received - ~Ctrl
2024-01-25 22:11:57.203 - INFO - Key received - ~Ctrl
2024-01-25 22:12:07.531 - INFO - Key received - ~Enter
2024-01-25 22:14:33.500 - INFO - Key received - ~m
2024-01-25 22:14:33.687 - INFO - Key received - ~o
2024-01-25 22:14:33.734 - INFO - Key received - ~i
2024-01-25 22:14:33.796 - INFO - Key received - ~w
2024-01-25 22:14:34.000 - INFO - Key received - ~s
2024-01-25 22:14:34.093 - INFO - Key received - ~Space
2024-01-25 22:14:34.296 - INFO - Key received - ~k
2024-01-25 22:14:34.421 - INFO - Key received - ~e
2024-01-25 22:14:34.593 - INFO - Key received - ~u
2024-01-25 22:14:34.609 - INFO - Key received - ~e
2024-01-25 22:14:34.812 - INFO - Key received - ~Space
2024-01-25 22:14:35.046 - INFO - Key received - ~v
2024-01-25 22:14:35.125 - INFO - Key received - ~o
2024-01-25 22:14:35.296 - INFO - Key received - ~j
2024-01-25 22:14:35.312 - INFO - Key received - ~w
2024-01-25 22:14:35.531 - INFO - Key received - ~Space
2024-01-25 22:14:35.640 - INFO - Key received - ~d
2024-01-25 22:14:35.812 - INFO - Key received - ~d
2024-01-25 22:14:36.000 - INFO - Key received - ~e
2024-01-25 22:14:36.140 - INFO - Key received - ~m
2024-01-25 22:14:36.312 - INFO - Key received - ~Space
2024-01-25 22:14:36.421 - INFO - Key received - ~m
2024-01-25 22:14:36.500 - INFO - Key received - ~a
2024-01-25 22:14:36.656 - INFO - Key received - ~y
2024-01-25 22:14:36.796 - INFO - Key received - ~s
2024-01-25 22:14:36.859 - INFO - Key received - ~Space
2024-01-25 22:14:37.953 - INFO - Key received - ~v
2024-01-25 22:14:37.109 - INFO - Key received - ~e
2024-01-25 22:14:37.281 - INFO - Key received - ~e
2024-01-25 22:14:37.296 - INFO - Key received - ~f
2024-01-25 22:14:37.500 - INFO - Key received - ~Enter
2024-01-25 22:14:38.921 - INFO - Key received - ~t
2024-01-25 22:14:39.046 - INFO - Key received - ~i
2024-01-25 22:14:39.234 - INFO - Key received - ~s
2024-01-25 22:14:39.312 - INFO - Key received - ~Space
2024-01-25 22:14:39.500 - INFO - Key received - ~c
2024-01-25 22:14:39.562 - INFO - Key received - ~o
2024-01-25 22:14:39.593 - INFO - Key received - ~i
2024-01-25 22:14:39.765 - INFO - Key received - ~Space
2024-01-25 22:14:39.843 - INFO - Key received - ~c
2024-01-25 22:14:39.921 - INFO - Key received - ~h
2024-01-25 22:14:40.453 - INFO - Key received - ~t
2024-01-25 22:14:40.562 - INFO - Key received - ~h
2024-01-25 22:14:40.734 - INFO - Key received - ~u
2024-01-25 22:14:40.828 - INFO - Key received - ~w
2024-01-25 22:14:41.890 - INFO - Key received - ~t
2024-01-25 22:14:42.953 - INFO - Key received - ~h
2024-01-25 22:14:42.125 - INFO - Key received - ~u
2024-01-25 22:14:42.187 - INFO - Key received - ~w
2024-01-25 22:14:42.265 - INFO - Key received - ~r
2024-01-25 22:14:42.468 - INFO - Key received - ~Enter
2024-01-25 22:15:15.000 - INFO - Key received - ~1
2024-01-25 22:15:15.125 - INFO - Key received - ~3
2024-01-25 22:15:15.250 - INFO - Key received - ~2
2024-01-25 22:15:15.421 - INFO - Key received - ~1
2024-01-25 22:15:15.593 - INFO - Key received - ~1
2024-01-25 22:15:15.640 - INFO - Key received - ~2
2024-01-25 22:16:07.781 - INFO - Key received - ~Enter
2024-01-25 22:16:09.421 - INFO - Key received - ~Ctrl
2024-01-25 22:16:10.453 - INFO - Key received - ~Enter
2024-01-25 22:16:11.281 - INFO - Key received - ~m
2024-01-25 22:16:11.531 - INFO - Key received - ~j
2024-01-25 22:16:35.171 - INFO - Key received - ~Ctrl
2024-01-25 22:16:36.156 - INFO - Key received - ~Enter
2024-01-25 22:16:42.296 - INFO - Key received - ~r
2024-01-25 22:16:42.375 - INFO - Key received - ~a
2024-01-25 22:16:42.421 - INFO - Key received - ~o
2024-01-25 22:16:42.843 - INFO - Key received - ~Space
2024-01-25 22:16:43.250 - INFO - Key received - ~3
2024-01-25 22:16:43.718 - INFO - Key received - ~Space
2024-01-25 22:16:43.828 - INFO - Key received - ~n
2024-01-25 22:16:43.828 - INFO - Key received - ~b
2024-01-25 22:16:44.703 - INFO - Key received - ~h
2024-01-25 22:16:44.734 - INFO - Key received - ~i
2024-01-25 22:16:44.890 - INFO - Key received - ~r
2024-01-25 22:16:45.250 - INFO - Key received - ~Enter
2024-01-25 22:17:04.687 - INFO - Key received - ~c
2024-01-25 22:17:04.875 - INFO - Key received - ~o
2024-01-25 22:17:05.046 - INFO - Key received - ~o
2024-01-25 22:17:05.125 - INFO - Key received - ~r
2024-01-25 22:17:05.218 - INFO - Key received - ~Space
2024-01-25 22:17:05.421 - INFO - Key received - ~l
2024-01-25 22:17:05.609 - INFO - Key received - ~o
2024-01-25 22:17:05.734 - INFO - Key received - ~n
2024-01-25 22:17:05.875 - INFO - Key received - ~g
2024-01-25 22:17:06.015 - INFO - Key received - ~Enter
2024-01-25 22:17:06.375 - INFO - Key received - ~3
2024-01-25 22:17:06.640 - INFO - Key received - ~5
2024-01-25 22:17:07.062 - INFO - Key received - ~Space
2024-01-25 22:17:07.156 - INFO - Key received - ~k
2024-01-25 22:17:07.328 - INFO - Key received - ~i
2024-01-25 22:17:07.390 - INFO - Key received - ~a
2024-01-25 22:17:07.500 - INFO - Key received - ~f
2024-01-25 22:17:08.062 - INFO - Key received - ~Enter
2024-01-25 22:17:29.187 - INFO - Key received - ~m
2024-01-25 22:17:29.453 - INFO - Key received - ~u
2024-01-25 22:17:29.546 - INFO - Key received - ~a
2024-01-25 22:17:29.796 - INFO - Key received - ~Enter
2024-01-25 22:19:04.265 - INFO - Key received - ~k
2024-01-25 22:19:04.437 - INFO - Key received - ~o
2024-01-25 22:19:04.656 - INFO - Key received - ~Enter
2024-01-25 22:19:17.156 - INFO - Key received - ~Enter
2024-01-25 22:20:51.093 - INFO - Key received - ~n
2024-01-25 22:20:51.312 - INFO - Key received - ~u
2024-01-25 22:20:53.640 - INFO - Key received - ~n
2024-01-25 22:20:53.828 - INFO - Key received - ~u
2024-01-25 22:20:54.031 - INFO - Key received - ~m
2024-01-25 22:20:54.421 - INFO - Key received - ~l
2024-01-25 22:20:54.609 - INFO - Key received - ~o
2024-01-25 22:20:54.703 - INFO - Key received - ~c
2024-01-25 22:20:54.812 - INFO - Key received - ~k
2024-01-25 22:20:55.046 - INFO - Key received - ~Enter
2024-01-25 22:21:05.765 - INFO - Key received - ~d
2024-01-25 22:21:06.937 - INFO - Key received - ~a
2024-01-25 22:21:06.140 - INFO - Key received - ~a
2024-01-25 22:21:06.187 - INFO - Key received - ~n
2024-01-25 22:21:06.390 - INFO - Key received - ~Space
2024-01-25 22:21:06.859 - INFO - Key received - ~v
2024-01-25 22:21:07.953 - INFO - Key received - ~a
2024-01-25 22:21:07.062 - INFO - Key received - ~w
2024-01-25 22:21:07.125 - INFO - Key received - ~n
2024-01-25 22:21:07.296 - INFO - Key received - ~Space
2024-01-25 22:21:07.421 - INFO - Key received - ~p
2024-01-25 22:21:07.687 - INFO - Key received - ~o
2024-01-25 22:21:07.703 - INFO - Key received - ~h
2024-01-25 22:21:08.031 - INFO - Key received - ~n
2024-01-25 22:21:08.828 - INFO - Key received - ~h
2024-01-25 22:21:08.843 - INFO - Key received - ~o
2024-01-25 22:21:09.031 - INFO - Key received - ~n
2024-01-25 22:21:09.156 - INFO - Key received - ~g
2024-01-25 22:21:09.390 - INFO - Key received - ~f
2024-01-25 22:21:10.625 - INFO - Key received - ~Enter
2024-01-25 22:21:11.109 - INFO - Key received - ~h
2024-01-25 22:21:11.296 - INFO - Key received - ~a
2024-01-25 22:21:11.328 - INFO - Key received - ~h
2024-01-25 22:21:11.500 - INFO - Key received - ~a
2024-01-25 22:21:15.890 - INFO - Key received - ~m
2024-01-25 22:21:16.953 - INFO - Key received - ~a
2024-01-25 22:21:16.062 - INFO - Key received - ~f
2024-01-25 22:21:16.140 - INFO - Key received - ~Space
2024-01-25 22:21:16.281 - INFO - Key received - ~q
2024-01-25 22:21:16.390 - INFO - Key received - ~u
2024-01-25 22:21:16.484 - INFO - Key received - ~e
2024-01-25 22:21:16.640 - INFO - Key received - ~e
2024-01-25 22:21:16.671 - INFO - Key received - ~n
2024-01-25 22:21:16.765 - INFO - Key received - ~Space
2024-01-25 22:21:16.906 - INFO - Key received - ~c
2024-01-25 22:21:17.953 - INFO - Key received - ~a
2024-01-25 22:21:17.015 - INFO - Key received - ~i
2024-01-25 22:21:17.156 - INFO - Key received - ~s
2024-01-25 22:21:17.234 - INFO - Key received - ~Space
2024-01-25 22:21:17.296 - INFO - Key received - ~d
2024-01-25 22:21:17.453 - INFO - Key received - ~d
2024-01-25 22:21:17.531 - INFO - Key received - ~o
2024-01-25 22:21:17.640 - INFO - Key received - ~s
2024-01-25 22:21:17.765 - INFO - Key received - ~Enter
2024-01-25 22:21:25.296 - INFO - Key received - ~c
2024-01-25 22:21:25.406 - INFO - Key received - ~h
2024-01-25 22:21:25.484 - INFO - Key received - ~o
2024-01-25 22:21:25.515 - INFO - Key received - ~i
2024-01-25 22:21:25.578 - INFO - Key received - ~w
2024-01-25 22:21:25.687 - INFO - Key received - ~Space
2024-01-25 22:21:25.796 - INFO - Key received - ~g
2024-01-25 22:21:25.859 - INFO - Key received - ~a
2024-01-25 22:21:26.937 - INFO - Key received - ~m
2024-01-25 22:21:26.031 - INFO - Key received - ~e
2024-01-25 22:21:26.125 - INFO - Key received - ~Space
2024-01-25 22:21:26.187 - INFO - Key received - ~n
2024-01-25 22:21:26.375 - INFO - Key received - ~h
2024-01-25 22:21:26.421 - INFO - Key received - ~i
2024-01-25 22:21:26.484 - INFO - Key received - ~e
2024-01-25 22:21:26.656 - INFO - Key received - ~e
2024-01-25 22:21:26.703 - INFO - Key received - ~u
2024-01-25 22:21:26.796 - INFO - Key received - ~f
2024-01-25 22:21:26.906 - INFO - Key received - ~Space
2024-01-25 22:21:27.046 - INFO - Key received - ~q
2024-01-25 22:21:27.187 - INFO - Key received - ~u
2024-01-25 22:21:27.328 - INFO - Key received - ~a
2024-01-25 22:21:27.531 - INFO - Key received - ~s
2024-01-25 22:21:27.640 - INFO - Key received - ~Space
2024-01-25 22:21:27.843 - INFO - Key received - ~r
2024-01-25 22:21:28.937 - INFO - Key received - ~o
2024-01-25 22:21:28.046 - INFO - Key received - ~a
2024-01-25 22:21:28.125 - INFO - Key received - ~i
2024-01-25 22:21:28.218 - INFO - Key received - ~f
2024-01-25 22:21:28.312 - INFO - Key received - ~Space
2024-01-25 22:21:28.453 - INFO - Key received - ~b
2024-01-25 22:21:28.562 - INFO - Key received - ~o
2024-01-25 22:21:29.031 - INFO - Key received - ~w
2024-01-25 22:21:29.406 - INFO - Key received - ~n
2024-01-25 22:21:29.578 - INFO - Key received - ~j
2024-01-25 22:21:29.671 - INFO - Key received - ~Space
2024-01-25 22:21:29.781 - INFO - Key received - ~o
2024-01-25 22:21:30.375 - INFO - Key received - ~u
2024-01-25 22:21:30.515 - INFO - Key received - ~w
2024-01-25 22:21:31.093 - INFO - Key received - ~i
2024-01-25 22:21:32.937 - INFO - Key received - ~Enter
2024-01-25 22:33:35.468 - INFO - Key received - ~Space
2024-01-25 22:33:51.593 - INFO - Key received - ~Escape
2024-01-25 22:34:03.250 - INFO - Key received - ~Escape
2024-01-25 22:34:12.171 - INFO - Key received - ~Escape
2024-01-25 22:34:22.625 - INFO - Key received - ~Escape
2024-01-25 22:34:28.093 - INFO - Key received - ~Escape
2024-01-25 22:34:37.984 - INFO - Key received - ~Escape
2024-01-25 22:35:22.171 - INFO - Key received - ~Escape
2024-01-25 22:35:41.187 - INFO - Key received - ~Escape
2024-01-25 22:35:52.078 - INFO - Key received - ~Escape
2024-01-25 22:36:36.046 - INFO - Key received - ~Escape
2024-01-25 22:36:56.171 - INFO - Key received - ~o
2024-01-25 22:36:56.359 - INFO - Key received - ~k
2024-01-25 22:37:01.968 - INFO - Key received - ~Escape
2024-01-25 22:37:09.796 - INFO - Key received - ~Escape
2024-01-25 22:37:32.625 - INFO - Key received - ~Ctrl
2024-01-25 22:37:35.203 - INFO - Key received - ~Ctrl
2024-01-25 22:37:39.265 - INFO - Key received - ~Ctrl
2024-01-25 22:37:45.765 - INFO - Key received - ~Ctrl
2024-01-25 22:37:51.687 - INFO - Key received - ~Ctrl
2024-01-25 22:37:57.171 - INFO - Key received - ~Enter
2024-01-25 22:39:11.328 - INFO - Key received - ~Escape
2024-01-25 22:39:15.640 - INFO - Key received - ~a
2024-01-25 22:39:16.765 - INFO - Key received - ~Enter
2024-01-25 22:39:22.843 - INFO - Key received - ~Escape
2024-01-25 22:39:59.015 - INFO - Key received - ~z
2024-01-25 22:40:56.390 - INFO - Key received - ~Escape
2024-01-25 22:42:05.734 - INFO - Key received - ~Escape
2024-01-25 22:42:06.109 - INFO - Key received - ~Escape
2024-01-25 22:42:16.687 - INFO - Key received - ~t
2024-01-25 22:42:16.859 - INFO - Key received - ~h
2024-01-25 22:42:16.921 - INFO - Key received - ~e
2024-01-25 22:42:17.093 - INFO - Key received - ~e
2024-01-25 22:42:17.156 - INFO - Key received - ~m
2024-01-25 22:42:17.703 - INFO - Key received - ~Space
2024-01-25 22:42:18.031 - INFO - Key received - ~d
2024-01-25 22:42:18.187 - INFO - Key received - ~d
2024-01-25 22:42:18.234 - INFO - Key received - ~o
2024-01-25 22:42:18.343 - INFO - Key received - ~a
2024-01-25 22:42:18.390 - INFO - Key received - ~n
2024-01-25 22:42:18.562 - INFO - Key received - ~j
2024-01-25 22:42:18.750 - INFO - Key received - ~n
2024-01-25 22:42:18.828 - INFO - Key received - ~a
2024-01-25 22:42:19.390 - INFO - Key received - ~Space
2024-01-25 22:42:19.515 - INFO - Key received - ~n
2024-01-25 22:42:19.593 - INFO - Key received - ~a
2024-01-25 22:42:19.734 - INFO - Key received - ~y
2024-01-25 22:42:19.843 - INFO - Key received - ~f
2024-01-25 22:42:19.921 - INFO - Key received - ~Space
2024-01-25 22:42:20.078 - INFO - Key received - ~v
2024-01-25 22:42:20.140 - INFO - Key received - ~a
2024-01-25 22:42:20.265 - INFO - Key received - ~o
2024-01-25 22:42:20.375 - INFO - Key received - ~f
2024-01-25 22:42:20.484 - INFO - Key received - ~Space
2024-01-25 22:42:20.671 - INFO - Key received - ~l
2024-01-25 22:42:20.828 - INFO - Key received - ~i
2024-01-25 22:42:21.937 - INFO - Key received - ~n
2024-01-25 22:42:21.406 - INFO - Key received - ~k
2024-01-25 22:42:21.703 - INFO - Key received - ~Enter
2024-01-25 22:42:24.406 - INFO - Key received - ~n
2024-01-25 22:42:24.484 - INFO - Key received - ~o
2024-01-25 22:42:27.515 - INFO - Key received - ~n
2024-01-25 22:42:27.593 - INFO - Key received - ~o
2024-01-25 22:42:27.843 - INFO - Key received - ~t
2024-01-25 22:42:27.890 - INFO - Key received - ~h
2024-01-25 22:42:28.078 - INFO - Key received - ~i
2024-01-25 22:42:28.265 - INFO - Key received - ~n
2024-01-25 22:42:28.406 - INFO - Key received - ~g
2024-01-25 22:42:29.843 - INFO - Key received - ~t
2024-01-25 22:42:30.031 - INFO - Key received - ~r
2024-01-25 22:42:30.109 - INFO - Key received - ~u
2024-01-25 22:42:30.218 - INFO - Key received - ~e
2024-01-25 22:42:30.531 - INFO - Key received - ~Enter
2024-01-25 22:43:08.437 - INFO - Key received - ~k
2024-01-25 22:43:08.796 - INFO - Key received - ~6
2024-01-25 22:43:09.062 - INFO - Key received - ~Enter
2024-01-25 22:43:09.703 - INFO - Key received - ~c
2024-01-25 22:43:10.328 - INFO - Key received - ~t
2024-01-25 22:43:12.234 - INFO - Key received - ~c
2024-01-25 22:43:12.406 - INFO - Key received - ~k
2024-01-25 22:43:12.703 - INFO - Key received - ~y
2024-01-25 22:43:13.265 - INFO - Key received - ~t
2024-01-25 22:43:13.703 - INFO - Key received - ~Enter
2024-01-25 22:43:18.531 - INFO - Key received - ~Escape
2024-01-25 22:43:26.296 - INFO - Key received - ~a
2024-01-25 22:43:41.796 - INFO - Key received - ~m
2024-01-25 22:43:42.578 - INFO - Key received - ~Escape
2024-01-25 22:43:42.812 - INFO - Key received - ~Escape
2024-01-25 22:43:44.125 - INFO - Key received - ~`
2024-01-25 22:43:47.562 - INFO - Key received - ~Escape
2024-01-25 22:43:47.812 - INFO - Key received - ~Escape
2024-01-25 22:44:05.843 - INFO - Key received - ~a
2024-01-25 22:44:14.281 - INFO - Key received - ~a
2024-01-25 22:44:18.984 - INFO - Key received - ~Escape
2024-01-25 22:44:18.609 - INFO - Key received - ~`
2024-01-25 22:45:11.140 - INFO - Key received - ~Space
2024-01-25 22:45:11.562 - INFO - Key received - ~j
2024-01-25 22:45:11.718 - INFO - Key received - ~Space
2024-01-25 22:45:11.781 - INFO - Key received - ~t
2024-01-25 22:45:11.843 - INFO - Key received - ~h
2024-01-25 22:45:12.953 - INFO - Key received - ~e
2024-01-25 22:45:12.125 - INFO - Key received - ~e
2024-01-25 22:45:12.203 - INFO - Key received - ~s
2024-01-25 22:45:12.296 - INFO - Key received - ~Enter
2024-01-25 22:45:44.328 - INFO - Key received - ~6
2024-01-25 22:45:44.671 - INFO - Key received - ~Space
2024-01-25 22:45:45.093 - INFO - Key received - ~n
2024-01-25 22:45:45.171 - INFO - Key received - ~o
2024-01-25 22:45:45.343 - INFO - Key received - ~o
2024-01-25 22:45:45.468 - INFO - Key received - ~n
2024-01-25 22:45:45.578 - INFO - Key received - ~g
2024-01-25 22:45:45.687 - INFO - Key received - ~Space
2024-01-25 22:45:45.843 - INFO - Key received - ~t
2024-01-25 22:45:46.031 - INFO - Key received - ~r
2024-01-25 22:45:46.078 - INFO - Key received - ~u
2024-01-25 22:45:46.140 - INFO - Key received - ~o
2024-01-25 22:45:46.218 - INFO - Key received - ~w
2024-01-25 22:45:46.328 - INFO - Key received - ~n
2024-01-25 22:45:46.390 - INFO - Key received - ~g
2024-01-25 22:45:46.609 - INFO - Key received - ~f
2024-01-25 22:45:46.671 - INFO - Key received - ~Space
2024-01-25 22:45:46.890 - INFO - Key received - ~1
2024-01-25 22:45:47.093 - INFO - Key received - ~Enter
2024-01-25 22:45:48.015 - INFO - Key received - ~h
2024-01-25 22:45:48.093 - INFO - Key received - ~a
2024-01-25 22:45:48.187 - INFO - Key received - ~h
2024-01-25 22:45:48.265 - INFO - Key received - ~a
2024-01-25 22:47:14.921 - INFO - Key received - ~n
2024-01-25 22:47:15.109 - INFO - Key received - ~h
2024-01-25 22:47:15.171 - INFO - Key received - ~a
2024-01-25 22:47:15.328 - INFO - Key received - ~a
2024-01-25 22:47:15.515 - INFO - Key received - ~f
2024-01-25 22:47:15.890 - INFO - Key received - ~m
2024-01-25 22:47:16.171 - INFO - Key received - ~Enter
2024-01-25 22:47:16.468 - INFO - Key received - ~s
2024-01-25 22:47:16.562 - INFO - Key received - ~o
2024-01-25 22:47:16.718 - INFO - Key received - ~o
2024-01-25 22:47:16.828 - INFO - Key received - ~s
2024-01-25 22:47:17.984 - INFO - Key received - ~Space
2024-01-25 22:47:17.171 - INFO - Key received - ~2
2024-01-25 22:47:17.343 - INFO - Key received - ~Enter
2024-01-25 22:47:18.781 - INFO - Key received - ~m
2024-01-25 22:47:18.906 - INFO - Key received - ~e
2024-01-25 22:47:19.046 - INFO - Key received - ~e
2024-01-25 22:47:19.109 - INFO - Key received - ~n
2024-01-25 22:47:19.265 - INFO - Key received - ~h
2024-01-25 22:47:19.421 - INFO - Key received - ~f
2024-01-25 22:47:19.515 - INFO - Key received - ~Space
2024-01-25 22:47:19.718 - INFO - Key received - ~b
2024-01-25 22:47:19.906 - INFO - Key received - ~i
2024-01-25 22:47:20.140 - INFO - Key received - ~j
2024-01-25 22:47:20.265 - INFO - Key received - ~Space
2024-01-25 22:47:20.359 - INFO - Key received - ~l
2024-01-25 22:47:20.531 - INFO - Key received - ~o
2024-01-25 22:47:20.593 - INFO - Key received - ~a
2024-01-25 22:47:20.671 - INFO - Key received - ~n
2024-01-25 22:47:20.843 - INFO - Key received - ~j
2024-01-25 22:47:21.921 - INFO - Key received - ~Space
2024-01-25 22:47:21.015 - INFO - Key received - ~r
2024-01-25 22:47:21.140 - INFO - Key received - ~o
2024-01-25 22:47:21.296 - INFO - Key received - ~o
2024-01-25 22:47:21.312 - INFO - Key received - ~i
2024-01-25 22:47:21.406 - INFO - Key received - ~f
2024-01-25 22:47:21.656 - INFO - Key received - ~Enter
2024-01-25 22:47:43.578 - INFO - Key received - ~Enter
2024-01-25 22:47:44.656 - INFO - Key received - ~Ctrl
2024-01-25 22:47:45.906 - INFO - Key received - ~Enter
2024-01-25 22:47:47.437 - INFO - Key received - ~c
2024-01-25 22:47:47.500 - INFO - Key received - ~h
2024-01-25 22:47:47.562 - INFO - Key received - ~o
2024-01-25 22:47:47.671 - INFO - Key received - ~o
2024-01-25 22:47:48.218 - INFO - Key received - ~x
2024-01-25 22:47:48.421 - INFO - Key received - ~Space
2024-01-25 22:47:48.468 - INFO - Key received - ~n
2024-01-25 22:47:48.609 - INFO - Key received - ~a
2024-01-25 22:47:48.687 - INFO - Key received - ~y
2024-01-25 22:47:48.828 - INFO - Key received - ~f
2024-01-25 22:47:49.984 - INFO - Key received - ~Enter
2024-01-25 22:48:04.343 - INFO - Key received - ~t
2024-01-25 22:48:04.546 - INFO - Key received - ~r
2024-01-25 22:48:04.578 - INFO - Key received - ~o
2024-01-25 22:48:04.750 - INFO - Key received - ~o
2024-01-25 22:48:04.890 - INFO - Key received - ~m
2024-01-25 22:48:05.078 - INFO - Key received - ~j
2024-01-25 22:48:05.156 - INFO - Key received - ~Space
2024-01-25 22:48:05.296 - INFO - Key received - ~d
2024-01-25 22:48:05.453 - INFO - Key received - ~d
2024-01-25 22:48:05.484 - INFO - Key received - ~i
2024-01-25 22:48:05.687 - INFO - Key received - ~n
2024-01-25 22:48:06.343 - INFO - Key received - ~Enter
2024-01-25 22:48:06.625 - INFO - Key received - ~n
2024-01-25 22:48:06.796 - INFO - Key received - ~h
2024-01-25 22:48:06.828 - INFO - Key received - ~a
2024-01-25 22:48:07.000 - INFO - Key received - ~c
2024-01-25 22:48:07.218 - INFO - Key received - ~s
2024-01-25 22:48:07.375 - INFO - Key received - ~Space
2024-01-25 22:48:07.750 - INFO - Key received - ~t
2024-01-25 22:48:08.031 - INFO - Key received - ~u
2024-01-25 22:48:08.546 - INFO - Key received - ~h
2024-01-25 22:48:08.687 - INFO - Key received - ~u
2024-01-25 22:48:08.843 - INFO - Key received - ~Space
2024-01-25 22:48:09.984 - INFO - Key received - ~h
2024-01-25 22:48:09.062 - INFO - Key received - ~o
2024-01-25 22:48:09.171 - INFO - Key received - ~a
2024-01-25 22:48:09.359 - INFO - Key received - ~c
2024-01-25 22:48:09.406 - INFO - Key received - ~h
2024-01-25 22:48:09.593 - INFO - Key received - ~j
2024-01-25 22:48:09.750 - INFO - Key received - ~Enter
2024-01-25 22:48:10.937 - INFO - Key received - ~t
2024-01-25 22:48:10.015 - INFO - Key received - ~i
2024-01-25 22:48:10.171 - INFO - Key received - ~n
2024-01-25 22:48:10.343 - INFO - Key received - ~h
2024-01-25 22:48:10.421 - INFO - Key received - ~s
2024-01-25 22:48:10.515 - INFO - Key received - ~Space
2024-01-25 22:48:10.609 - INFO - Key received - ~b
2024-01-25 22:48:10.703 - INFO - Key received - ~o
2024-01-25 22:48:10.875 - INFO - Key received - ~r
2024-01-25 22:48:11.937 - INFO - Key received - ~Space
2024-01-25 22:48:11.968 - INFO - Key received - ~l
2024-01-25 22:48:11.125 - INFO - Key received - ~u
2024-01-25 22:48:11.187 - INFO - Key received - ~o
2024-01-25 22:48:11.343 - INFO - Key received - ~o
2024-01-25 22:48:11.453 - INFO - Key received - ~n
2024-01-25 22:48:11.640 - INFO - Key received - ~Enter
2024-01-25 22:48:14.281 - INFO - Key received - ~1
2024-01-25 22:48:14.421 - INFO - Key received - ~3
2024-01-25 22:48:14.578 - INFO - Key received - ~2
2024-01-25 22:48:14.765 - INFO - Key received - ~1
2024-01-25 22:48:14.906 - INFO - Key received - ~1
2024-01-25 22:48:15.984 - INFO - Key received - ~2
2024-01-25 22:48:32.031 - INFO - Key received - ~1
2024-01-25 22:48:32.156 - INFO - Key received - ~3
2024-01-25 22:48:32.250 - INFO - Key received - ~2
2024-01-25 22:48:32.437 - INFO - Key received - ~1
2024-01-25 22:48:32.578 - INFO - Key received - ~1
2024-01-25 22:48:32.625 - INFO - Key received - ~2
2024-01-25 22:49:40.062 - INFO - Key received - ~Escape
2024-01-25 22:49:40.296 - INFO - Key received - ~Escape
2024-01-25 22:50:18.062 - INFO - Key received - ~Ctrl
2024-01-25 22:50:18.562 - INFO - Key received - ~Ctrl
2024-01-25 22:50:18.593 - INFO - Key received - ~Ctrl
2024-01-25 22:50:18.625 - INFO - Key received - ~Ctrl
2024-01-25 22:50:18.671 - INFO - Key received - ~Ctrl
2024-01-25 22:50:18.703 - INFO - Key received - ~Ctrl
2024-01-25 22:50:18.734 - INFO - Key received - ~Ctrl
2024-01-25 22:50:18.765 - INFO - Key received - ~Ctrl
2024-01-25 22:50:18.796 - INFO - Key received - ~Ctrl
2024-01-25 22:50:18.828 - INFO - Key received - ~Ctrl
2024-01-25 22:50:18.859 - INFO - Key received - ~Ctrl
2024-01-25 22:50:18.906 - INFO - Key received - ~Ctrl
2024-01-25 22:50:19.937 - INFO - Key received - ~Ctrl
2024-01-25 22:50:19.968 - INFO - Key received - ~Ctrl
2024-01-25 22:50:19.000 - INFO - Key received - ~Ctrl
2024-01-25 22:50:19.031 - INFO - Key received - ~Ctrl
2024-01-25 22:50:19.375 - INFO - Key received - ~Escape
2024-01-25 22:50:41.359 - INFO - Key received - ~Escape
2024-01-25 22:50:41.703 - INFO - Key received - ~Escape
2024-01-25 22:50:42.093 - INFO - Key received - ~Escape
2024-01-25 22:50:58.859 - INFO - Key received - ~Escape
2024-01-25 22:50:59.109 - INFO - Key received - ~Escape
2024-01-25 22:50:59.296 - INFO - Key received - ~Escape
2024-01-25 22:50:59.562 - INFO - Key received - ~Escape
2024-01-25 22:50:59.796 - INFO - Key received - ~Escape
2024-01-25 22:51:55.125 - INFO - Key received - ~Escape
2024-01-25 22:51:56.578 - INFO - Key received - ~s
2024-01-25 22:51:56.640 - INFO - Key received - ~a
2024-01-25 22:51:56.906 - INFO - Key received - ~u
2024-01-25 22:51:58.890 - INFO - Key received - ~t
2024-01-25 22:51:59.171 - INFO - Key received - ~h
2024-01-25 22:51:59.328 - INFO - Key received - ~e
2024-01-25 22:51:59.500 - INFO - Key received - ~e
2024-01-25 22:51:59.640 - INFO - Key received - ~m
2024-01-25 22:51:59.812 - INFO - Key received - ~Space
2024-01-25 22:52:01.203 - INFO - Key received - ~n
2024-01-25 22:52:01.265 - INFO - Key received - ~o
2024-01-25 22:52:01.531 - INFO - Key received - ~t
2024-01-25 22:52:02.937 - INFO - Key received - ~h
2024-01-25 22:52:02.000 - INFO - Key received - ~i
2024-01-25 22:52:02.296 - INFO - Key received - ~n
2024-01-25 22:52:02.484 - INFO - Key received - ~g
2024-01-25 22:52:03.250 - INFO - Key received - ~t
2024-01-25 22:52:03.453 - INFO - Key received - ~r
2024-01-25 22:52:03.546 - INFO - Key received - ~u
2024-01-25 22:52:03.687 - INFO - Key received - ~e
2024-01-25 22:52:04.000 - INFO - Key received - ~Space
2024-01-25 22:52:04.171 - INFO - Key received - ~v
2024-01-25 22:52:04.218 - INFO - Key received - ~a
2024-01-25 22:52:04.281 - INFO - Key received - ~o
2024-01-25 22:52:04.421 - INFO - Key received - ~f
2024-01-25 22:52:04.718 - INFO - Key received - ~Enter
2024-01-25 22:52:05.109 - INFO - Key received - ~c
2024-01-25 22:52:05.187 - INFO - Key received - ~u
2024-01-25 22:52:05.250 - INFO - Key received - ~o
2024-01-25 22:52:05.390 - INFO - Key received - ~o
2024-01-25 22:52:05.453 - INFO - Key received - ~i
2024-01-25 22:52:05.562 - INFO - Key received - ~s
2024-01-25 22:52:06.515 - INFO - Key received - ~Enter
2024-01-25 22:56:28.921 - INFO - Key received - ~Enter
2024-01-25 22:56:29.140 - INFO - Key received - ~Ctrl
2024-01-25 22:56:30.531 - INFO - Key received - ~Enter
2024-01-25 22:56:31.156 - INFO - Key received - ~t
2024-01-25 22:56:31.250 - INFO - Key received - ~a
2024-01-25 22:56:31.296 - INFO - Key received - ~w
2024-01-25 22:56:31.421 - INFO - Key received - ~t
2024-01-25 22:56:31.546 - INFO - Key received - ~s
2024-01-25 22:56:31.656 - INFO - Key received - ~Space
2024-01-25 22:56:31.812 - INFO - Key received - ~m
2024-01-25 22:56:32.937 - INFO - Key received - ~a
2024-01-25 22:56:32.125 - INFO - Key received - ~y
2024-01-25 22:56:32.234 - INFO - Key received - ~s
2024-01-25 22:56:32.296 - INFO - Key received - ~Space
2024-01-25 22:56:32.421 - INFO - Key received - ~d
2024-01-25 22:56:32.578 - INFO - Key received - ~d
2024-01-25 22:56:32.625 - INFO - Key received - ~i
2024-01-25 22:56:32.671 - INFO - Key received - ~Space
2024-01-25 22:56:32.828 - INFO - Key received - ~n
2024-01-25 22:56:33.937 - INFO - Key received - ~g
2024-01-25 22:56:33.031 - INFO - Key received - ~u
2024-01-25 22:56:33.203 - INFO - Key received - ~r
2024-01-25 22:56:33.265 - INFO - Key received - ~Space
2024-01-25 22:56:33.375 - INFO - Key received - ~k
2024-01-25 22:56:33.562 - INFO - Key received - ~Space
2024-01-25 22:56:33.640 - INFO - Key received - ~t
2024-01-25 22:56:33.703 - INFO - Key received - ~a
2024-01-25 22:56:34.984 - INFO - Key received - ~Enter
2024-01-25 23:00:21.546 - INFO - Key received - ~k
2024-01-25 23:00:21.734 - INFO - Key received - ~o
2024-01-25 23:00:22.828 - INFO - Key received - ~Space
2024-01-25 23:00:23.984 - INFO - Key received - ~s
2024-01-25 23:00:23.062 - INFO - Key received - ~a
2024-01-25 23:00:23.125 - INFO - Key received - ~o
2024-01-25 23:00:23.281 - INFO - Key received - ~Space
2024-01-25 23:00:23.375 - INFO - Key received - ~t
2024-01-25 23:00:23.484 - INFO - Key received - ~h
2024-01-25 23:00:23.578 - INFO - Key received - ~e
2024-01-25 23:00:23.781 - INFO - Key received - ~s
2024-01-25 23:00:23.812 - INFO - Key received - ~e
2024-01-25 23:00:25.656 - INFO - Key received - ~d
2024-01-25 23:00:25.843 - INFO - Key received - ~d
2024-01-25 23:00:25.875 - INFO - Key received - ~a
2024-01-25 23:00:26.031 - INFO - Key received - ~n
2024-01-25 23:00:26.156 - INFO - Key received - ~g
2024-01-25 23:00:26.218 - INFO - Key received - ~Space
2024-01-25 23:00:26.375 - INFO - Key received - ~s
2024-01-25 23:00:26.484 - INFO - Key received - ~o
2024-01-25 23:00:26.640 - INFO - Key received - ~o
2024-01-25 23:00:26.671 - INFO - Key received - ~r
2024-01-25 23:00:26.750 - INFO - Key received - ~Space
2024-01-25 23:00:26.875 - INFO - Key received - ~t
2024-01-25 23:00:27.937 - INFO - Key received - ~a
2024-01-25 23:00:27.078 - INFO - Key received - ~y
2024-01-25 23:00:27.421 - INFO - Key received - ~Enter
2024-01-25 23:00:28.937 - INFO - Key received - ~m
2024-01-25 23:00:28.046 - INFO - Key received - ~a
2024-01-25 23:00:28.171 - INFO - Key received - ~f
2024-01-25 23:00:28.265 - INFO - Key received - ~Space
2024-01-25 23:00:28.453 - INFO - Key received - ~c
2024-01-25 23:00:28.515 - INFO - Key received - ~h
2024-01-25 23:00:28.593 - INFO - Key received - ~a
2024-01-25 23:00:28.656 - INFO - Key received - ~w
2024-01-25 23:00:28.812 - INFO - Key received - ~c
2024-01-25 23:00:29.968 - INFO - Key received - ~s
2024-01-25 23:00:29.125 - INFO - Key received - ~Space
2024-01-25 23:00:29.296 - INFO - Key received - ~x
2024-01-25 23:00:29.375 - INFO - Key received - ~o
2024-01-25 23:00:29.546 - INFO - Key received - ~n
2024-01-25 23:00:29.578 - INFO - Key received - ~g
2024-01-25 23:00:29.656 - INFO - Key received - ~Space
2024-01-25 23:00:29.750 - INFO - Key received - ~d
2024-01-25 23:00:29.906 - INFO - Key received - ~i
2024-01-25 23:00:30.937 - INFO - Key received - ~d
2024-01-25 23:00:30.015 - INFO - Key received - ~Space
2024-01-25 23:00:30.093 - INFO - Key received - ~n
2024-01-25 23:00:30.203 - INFO - Key received - ~g
2024-01-25 23:00:30.312 - INFO - Key received - ~u
2024-01-25 23:00:30.500 - INFO - Key received - ~r
2024-01-25 23:00:30.796 - INFO - Key received - ~Enter
2024-01-25 23:00:31.781 - INFO - Key received - ~n
2024-01-25 23:00:31.906 - INFO - Key received - ~g
2024-01-25 23:00:32.984 - INFO - Key received - ~a
2024-01-25 23:00:32.078 - INFO - Key received - ~y
2024-01-25 23:00:32.187 - INFO - Key received - ~f
2024-01-25 23:00:32.250 - INFO - Key received - ~Space
2024-01-25 23:00:32.359 - INFO - Key received - ~n
2024-01-25 23:00:32.421 - INFO - Key received - ~i
2024-01-25 23:00:32.578 - INFO - Key received - ~Space
2024-01-25 23:00:32.718 - INFO - Key received - ~m
2024-01-25 23:00:32.843 - INFO - Key received - ~e
2024-01-25 23:00:33.015 - INFO - Key received - ~e
2024-01-25 23:00:33.078 - INFO - Key received - ~t
2024-01-25 23:00:33.109 - INFO - Key received - ~j
2024-01-25 23:00:33.234 - INFO - Key received - ~Space
2024-01-25 23:00:33.328 - INFO - Key received - ~q
2024-01-25 23:00:33.421 - INFO - Key received - ~u
2024-01-25 23:00:33.578 - INFO - Key received - ~a
2024-01-25 23:00:33.843 - INFO - Key received - ~s
2024-01-25 23:00:34.046 - INFO - Key received - ~Enter
2024-01-25 23:01:32.656 - INFO - Key received - ~o
2024-01-25 23:01:33.953 - INFO - Key received - ~k
2024-01-25 23:01:33.421 - INFO - Key received - ~Space
2024-01-25 23:01:33.718 - INFO - Key received - ~t
2024-01-25 23:01:33.812 - INFO - Key received - ~i
2024-01-25 23:01:34.093 - INFO - Key received - ~Space
2024-01-25 23:01:34.734 - INFO - Key received - ~1
2024-01-25 23:01:35.125 - INFO - Key received - ~1
2024-01-25 23:01:35.265 - INFO - Key received - ~h
2024-01-25 23:01:37.171 - INFO - Key received - ~4
2024-01-25 23:01:37.640 - INFO - Key received - ~Space
2024-01-25 23:01:37.875 - INFO - Key received - ~d
2024-01-25 23:01:38.140 - INFO - Key received - ~i
2024-01-25 23:01:38.890 - INFO - Key received - ~Space
2024-01-25 23:01:39.125 - INFO - Key received - ~n
2024-01-25 23:01:39.421 - INFO - Key received - ~h
2024-01-25 23:01:39.546 - INFO - Key received - ~a
2024-01-25 23:01:44.859 - INFO - Key received - ~t
2024-01-25 23:01:45.984 - INFO - Key received - ~h
2024-01-25 23:01:45.093 - INFO - Key received - ~e
2024-01-25 23:01:45.515 - INFO - Key received - ~Space
2024-01-25 23:01:45.640 - INFO - Key received - ~d
2024-01-25 23:01:46.953 - INFO - Key received - ~i
2024-01-25 23:01:46.453 - INFO - Key received - ~e
2024-01-25 23:01:46.828 - INFO - Key received - ~Space
2024-01-25 23:01:47.984 - INFO - Key received - ~d
2024-01-25 23:01:47.234 - INFO - Key received - ~i
2024-01-25 23:01:47.296 - INFO - Key received - ~Space
2024-01-25 23:01:48.156 - INFO - Key received - ~x
2024-01-25 23:01:48.281 - INFO - Key received - ~o
2024-01-25 23:01:48.468 - INFO - Key received - ~n
2024-01-25 23:01:48.562 - INFO - Key received - ~g
2024-01-25 23:01:48.703 - INFO - Key received - ~Space
2024-01-25 23:01:48.734 - INFO - Key received - ~n
2024-01-25 23:01:49.937 - INFO - Key received - ~g
2024-01-25 23:01:49.031 - INFO - Key received - ~u
2024-01-25 23:01:49.671 - INFO - Key received - ~Enter
2024-01-25 23:04:13.625 - INFO - Key received - ~g
2024-01-25 23:04:14.812 - INFO - Key received - ~d
2024-01-25 23:04:26.265 - INFO - Key received - ~g
2024-01-25 23:04:26.828 - INFO - Key received - ~d
2024-01-25 23:04:34.875 - INFO - Key received - ~g
2024-01-25 23:04:35.671 - INFO - Key received - ~d
2024-01-25 23:04:42.625 - INFO - Key received - ~g
2024-01-25 23:04:43.312 - INFO - Key received - ~d
2024-01-25 23:04:53.781 - INFO - Key received - ~g
2024-01-25 23:04:54.578 - INFO - Key received - ~d
2024-01-25 23:05:04.406 - INFO - Key received - ~g
2024-01-25 23:05:05.218 - INFO - Key received - ~d
2024-01-25 23:05:12.609 - INFO - Key received - ~f
2024-01-25 23:05:34.703 - INFO - Key received - ~Enter
2024-01-25 23:05:35.687 - INFO - Key received - ~Ctrl
2024-01-25 23:05:36.531 - INFO - Key received - ~Enter
2024-01-25 23:05:37.375 - INFO - Key received - ~a
2024-01-25 23:05:37.484 - INFO - Key received - ~i
2024-01-25 23:05:37.625 - INFO - Key received - ~Space
2024-01-25 23:05:37.765 - INFO - Key received - ~c
2024-01-25 23:05:37.859 - INFO - Key received - ~o
2024-01-25 23:05:38.031 - INFO - Key received - ~Space
2024-01-25 23:05:38.312 - INFO - Key received - ~k
2024-01-25 23:05:38.578 - INFO - Key received - ~Enter
2024-01-25 23:05:38.781 - INFO - Key received - ~c
2024-01-25 23:05:38.859 - INFO - Key received - ~h
2024-01-25 23:05:38.921 - INFO - Key received - ~o
2024-01-25 23:05:39.031 - INFO - Key received - ~Space
2024-01-25 23:05:39.234 - INFO - Key received - ~x
2024-01-25 23:05:39.296 - INFO - Key received - ~i
2024-01-25 23:05:39.453 - INFO - Key received - ~n
2024-01-25 23:05:39.531 - INFO - Key received - ~Space
2024-01-25 23:05:39.734 - INFO - Key received - ~3
2024-01-25 23:05:39.906 - INFO - Key received - ~Space
2024-01-25 23:05:40.343 - INFO - Key received - ~c
2024-01-25 23:05:40.390 - INFO - Key received - ~a
2024-01-25 23:05:40.500 - INFO - Key received - ~i
2024-01-25 23:05:40.687 - INFO - Key received - ~Space
2024-01-25 23:05:40.859 - INFO - Key received - ~t
2024-01-25 23:05:41.062 - INFO - Key received - ~r
2024-01-25 23:05:41.156 - INFO - Key received - ~a
2024-01-25 23:05:41.406 - INFO - Key received - ~Space
2024-01-25 23:05:41.906 - INFO - Key received - ~Enter
2024-01-25 23:06:08.093 - INFO - Key received - ~k
2024-01-25 23:06:08.468 - INFO - Key received - ~6
2024-01-25 23:06:08.718 - INFO - Key received - ~Space
2024-01-25 23:06:09.953 - INFO - Key received - ~c
2024-01-25 23:06:09.046 - INFO - Key received - ~h
2024-01-25 23:06:09.062 - INFO - Key received - ~o
2024-01-25 23:06:09.390 - INFO - Key received - ~Space
2024-01-25 23:06:09.453 - INFO - Key received - ~n
2024-01-25 23:06:09.562 - INFO - Key received - ~a
2024-01-25 23:06:09.656 - INFO - Key received - ~o
2024-01-25 23:06:09.828 - INFO - Key received - ~Space
2024-01-25 23:06:10.937 - INFO - Key received - ~t
2024-01-25 23:06:10.000 - INFO - Key received - ~h
2024-01-25 23:06:10.109 - INFO - Key received - ~e
2024-01-25 23:06:10.515 - INFO - Key received - ~Enter
2024-01-25 23:08:55.703 - INFO - Key received - ~t
2024-01-25 23:08:56.218 - INFO - Key received - ~k
2024-01-25 23:08:56.656 - INFO - Key received - ~s
2024-01-25 23:08:57.125 - INFO - Key received - ~Enter
2024-01-25 23:09:42.656 - INFO - Key received - ~c
2024-01-25 23:09:43.125 - INFO - Key received - ~o
2024-01-25 23:09:43.546 - INFO - Key received - ~n
2024-01-25 23:09:43.734 - INFO - Key received - ~Space
2024-01-25 23:09:44.984 - INFO - Key received - ~k
2024-01-25 23:09:44.203 - INFO - Key received - ~h
2024-01-25 23:09:44.484 - INFO - Key received - ~o
2024-01-25 23:09:44.875 - INFO - Key received - ~c
2024-01-25 23:09:45.531 - INFO - Key received - ~Enter
2024-01-25 23:09:47.031 - INFO - Key received - ~y
2024-01-25 23:09:47.234 - INFO - Key received - ~u
2024-01-25 23:09:47.468 - INFO - Key received - ~i
2024-01-25 23:09:48.140 - INFO - Key received - ~Space
2024-01-25 23:09:49.062 - INFO - Key received - ~l
2024-01-25 23:09:49.265 - INFO - Key received - ~o
2024-01-25 23:09:49.781 - INFO - Key received - ~g
2024-01-25 23:09:50.984 - INFO - Key received - ~Space
2024-01-25 23:09:50.296 - INFO - Key received - ~a
2024-01-25 23:09:50.656 - INFO - Key received - ~c
2024-01-25 23:09:50.859 - INFO - Key received - ~Space
2024-01-25 23:09:51.109 - INFO - Key received - ~d
2024-01-25 23:09:51.546 - INFO - Key received - ~o
2024-01-25 23:09:51.875 - INFO - Key received - ~i
2024-01-25 23:09:52.453 - INFO - Key received - ~Space
2024-01-25 23:09:52.718 - INFO - Key received - ~d
2024-01-25 23:09:53.312 - INFO - Key received - ~i
2024-01-25 23:09:53.593 - INFO - Key received - ~Enter
2024-01-25 23:13:11.093 - INFO - Key received - ~1
2024-01-25 23:13:11.265 - INFO - Key received - ~1
2024-01-25 23:13:11.906 - INFO - Key received - ~4
2024-01-25 23:13:12.140 - INFO - Key received - ~5
2024-01-25 23:13:15.171 - INFO - Key received - ~h
2024-01-25 23:13:15.796 - INFO - Key received - ~2
2024-01-25 23:13:17.140 - INFO - Key received - ~4
2024-01-25 23:13:18.406 - INFO - Key received - ~Space
2024-01-25 23:13:18.796 - INFO - Key received - ~d
2024-01-25 23:13:19.468 - INFO - Key received - ~i
2024-01-25 23:13:19.828 - INFO - Key received - ~Enter
2024-01-25 23:13:37.984 - INFO - Key received - ~c
2024-01-25 23:13:37.453 - INFO - Key received - ~o
2024-01-25 23:13:38.281 - INFO - Key received - ~Space
2024-01-25 23:13:38.656 - INFO - Key received - ~t
2024-01-25 23:13:39.671 - INFO - Key received - ~b
2024-01-25 23:13:40.078 - INFO - Key received - ~p
2024-01-25 23:13:40.421 - INFO - Key received - ~Space
2024-01-25 23:13:40.875 - INFO - Key received - ~c
2024-01-25 23:13:41.140 - INFO - Key received - ~h
2024-01-25 23:13:41.359 - INFO - Key received - ~u
2024-01-25 23:13:42.937 - INFO - Key received - ~a
2024-01-25 23:13:42.625 - INFO - Key received - ~Enter
2024-01-25 23:24:00.250 - INFO - Key received - ~`
2024-01-25 23:24:09.421 - INFO - Key received - ~g
2024-01-25 23:24:09.875 - INFO - Key received - ~d
2024-01-25 23:24:18.531 - INFO - Key received - ~`
2024-01-25 23:24:23.781 - INFO - Key received - ~f
2024-01-25 23:26:39.671 - INFO - Key received - ~f
2024-01-25 23:26:46.093 - INFO - Key received - ~s
2024-01-25 23:26:46.890 - INFO - Key received - ~s
2024-01-25 23:26:48.250 - INFO - Key received - ~p
2024-01-25 23:26:50.218 - INFO - Key received - ~Escape
2024-01-25 23:27:37.312 - INFO - Key received - ~z
2024-01-25 23:27:38.468 - INFO - Key received - ~Escape
2024-01-25 23:27:46.812 - INFO - Key received - ~z
2024-01-25 23:27:48.156 - INFO - Key received - ~Escape
2024-01-25 23:27:54.734 - INFO - Key received - ~Escape
2024-01-25 23:29:17.015 - INFO - Key received - ~Enter
2024-01-25 23:29:18.421 - INFO - Key received - ~Enter
2024-01-25 23:29:19.718 - INFO - Key received - ~Enter
2024-01-25 23:29:21.093 - INFO - Key received - ~Enter
2024-01-25 23:29:22.406 - INFO - Key received - ~Enter
2024-01-25 23:29:24.000 - INFO - Key received - ~Enter
2024-01-25 23:29:25.046 - INFO - Key received - ~Enter
2024-01-25 23:29:25.765 - INFO - Key received - ~Escape
2024-01-25 23:29:26.984 - INFO - Key received - ~Escape
2024-01-25 23:29:26.187 - INFO - Key received - ~Escape
2024-01-25 23:29:34.250 - INFO - Key received - ~6
2024-01-25 23:29:34.468 - INFO - Key received - ~Space
2024-01-25 23:29:34.562 - INFO - Key received - ~n
2024-01-25 23:29:34.734 - INFO - Key received - ~h
2024-01-25 23:29:34.828 - INFO - Key received - ~a
2024-01-25 23:29:35.953 - INFO - Key received - ~Space
2024-01-25 23:29:35.046 - INFO - Key received - ~k
2024-01-25 23:29:35.218 - INFO - Key received - ~h
2024-01-25 23:29:35.281 - INFO - Key received - ~o
2024-01-25 23:29:35.359 - INFO - Key received - ~a
2024-01-25 23:29:35.546 - INFO - Key received - ~Enter
2024-01-25 23:30:09.687 - INFO - Key received - ~t
2024-01-25 23:30:09.781 - INFO - Key received - ~a
2024-01-25 23:30:10.031 - INFO - Key received - ~n
2024-01-25 23:30:11.421 - INFO - Key received - ~Space
2024-01-25 23:30:13.468 - INFO - Key received - ~x
2024-01-25 23:30:13.578 - INFO - Key received - ~a
2024-01-25 23:30:13.671 - INFO - Key received - ~i
2024-01-25 23:30:13.859 - INFO - Key received - ~Space
2024-01-25 23:30:14.062 - INFO - Key received - ~h
2024-01-25 23:30:14.156 - INFO - Key received - ~e
2024-01-25 23:30:14.375 - INFO - Key received - ~t
2024-01-25 23:30:14.625 - INFO - Key received - ~Space
2024-01-25 23:30:15.562 - INFO - Key received - ~5
2024-01-25 23:30:15.718 - INFO - Key received - ~k
2024-01-25 23:30:16.000 - INFO - Key received - ~Enter
2024-01-25 23:30:16.671 - INFO - Key received - ~l
2024-01-25 23:30:17.031 - INFO - Key received - ~e
2024-01-25 23:30:17.281 - INFO - Key received - ~n
2024-01-25 23:30:17.421 - INFO - Key received - ~Space
2024-01-25 23:30:17.578 - INFO - Key received - ~d
2024-01-25 23:30:17.843 - INFO - Key received - ~c
2024-01-25 23:30:18.921 - INFO - Key received - ~Space
2024-01-25 23:30:18.015 - INFO - Key received - ~m
2024-01-25 23:30:18.125 - INFO - Key received - ~a
2024-01-25 23:30:18.359 - INFO - Key received - ~y
2024-01-25 23:30:18.562 - INFO - Key received - ~Space
2024-01-25 23:30:18.578 - INFO - Key received - ~s
2024-01-25 23:30:19.375 - INFO - Key received - ~s
2024-01-25 23:30:19.562 - INFO - Key received - ~Space
2024-01-25 23:30:20.296 - INFO - Key received - ~Space
2024-01-25 23:30:20.515 - INFO - Key received - ~m
2024-01-25 23:30:20.625 - INFO - Key received - ~o
2024-01-25 23:30:20.812 - INFO - Key received - ~n
2024-01-25 23:30:21.250 - INFO - Key received - ~Space
2024-01-25 23:30:21.796 - INFO - Key received - ~1
2024-01-25 23:30:23.500 - INFO - Key received - ~Enter
2024-01-25 23:30:45.453 - INFO - Key received - ~h
2024-01-25 23:30:45.625 - INFO - Key received - ~u
2024-01-25 23:30:45.890 - INFO - Key received - ~Enter
2024-01-25 23:30:46.203 - INFO - Key received - ~m
2024-01-25 23:30:46.265 - INFO - Key received - ~o
2024-01-25 23:30:46.578 - INFO - Key received - ~Space
2024-01-25 23:30:46.671 - INFO - Key received - ~r
2024-01-25 23:30:46.718 - INFO - Key received - ~o
2024-01-25 23:30:46.875 - INFO - Key received - ~i
2024-01-25 23:30:47.046 - INFO - Key received - ~Space
2024-01-25 23:30:47.140 - INFO - Key received - ~m
2024-01-25 23:30:47.359 - INFO - Key received - ~Enter
2024-01-25 23:30:52.843 - INFO - Key received - ~4
2024-01-25 23:30:53.062 - INFO - Key received - ~Space
2024-01-25 23:30:53.234 - INFO - Key received - ~a
2024-01-25 23:30:53.468 - INFO - Key received - ~c
2024-01-25 23:30:53.609 - INFO - Key received - ~c
2024-01-25 23:30:54.265 - INFO - Key received - ~Enter
2024-01-25 23:30:55.031 - INFO - Key received - ~k
2024-01-25 23:30:55.265 - INFO - Key received - ~h
2024-01-25 23:30:55.312 - INFO - Key received - ~o
2024-01-25 23:30:55.453 - INFO - Key received - ~a
2024-01-25 23:30:55.609 - INFO - Key received - ~Space
2024-01-25 23:30:56.984 - INFO - Key received - ~t
2024-01-25 23:30:56.062 - INFO - Key received - ~u
2024-01-25 23:30:56.656 - INFO - Key received - ~Space
2024-01-25 23:30:56.843 - INFO - Key received - ~l
2024-01-25 23:30:57.062 - INFO - Key received - ~o
2024-01-25 23:30:57.281 - INFO - Key received - ~g
2024-01-25 23:30:57.453 - INFO - Key received - ~Space
2024-01-25 23:30:57.640 - INFO - Key received - ~h
2024-01-25 23:30:57.750 - INFO - Key received - ~a
2024-01-25 23:30:57.828 - INFO - Key received - ~y
2024-01-25 23:30:58.984 - INFO - Key received - ~Space
2024-01-25 23:30:58.140 - INFO - Key received - ~k
2024-01-25 23:30:59.968 - INFO - Key received - ~Space
2024-01-25 23:30:59.671 - INFO - Key received - ~v
2024-01-25 23:30:59.734 - INFO - Key received - ~a
2024-01-25 23:31:00.984 - INFO - Key received - ~n
2024-01-25 23:31:00.296 - INFO - Key received - ~Space
2024-01-25 23:31:00.546 - INFO - Key received - ~c
2024-01-25 23:31:00.609 - INFO - Key received - ~h
2024-01-25 23:31:00.875 - INFO - Key received - ~a
2024-01-25 23:31:01.078 - INFO - Key received - ~Space
2024-01-25 23:31:01.250 - INFO - Key received - ~t
2024-01-25 23:31:01.312 - INFO - Key received - ~h
2024-01-25 23:31:01.406 - INFO - Key received - ~a
2024-01-25 23:31:01.609 - INFO - Key received - ~y
2024-01-25 23:31:01.875 - INFO - Key received - ~Space
2024-01-25 23:31:02.937 - INFO - Key received - ~r
2024-01-25 23:31:02.031 - INFO - Key received - ~e
2024-01-25 23:31:02.140 - INFO - Key received - ~p
2024-01-25 23:31:02.437 - INFO - Key received - ~Enter
2024-01-25 23:31:06.312 - INFO - Key received - ~8
2024-01-25 23:31:06.500 - INFO - Key received - ~Space
2024-01-25 23:31:06.625 - INFO - Key received - ~m
2024-01-25 23:31:06.734 - INFO - Key received - ~o
2024-01-25 23:31:06.875 - INFO - Key received - ~n
2024-01-25 23:31:07.187 - INFO - Key received - ~Enter
2024-01-25 23:31:12.937 - INFO - Key received - ~Enter
2024-01-25 23:31:18.984 - INFO - Key received - ~1
2024-01-25 23:31:18.125 - INFO - Key received - ~1
2024-01-25 23:31:18.218 - INFO - Key received - ~h
2024-01-25 23:31:18.593 - INFO - Key received - ~4
2024-01-25 23:31:19.218 - INFO - Key received - ~Enter
2024-01-25 23:31:19.484 - INFO - Key received - ~k
2024-01-25 23:31:19.859 - INFO - Key received - ~6
2024-01-25 23:31:20.031 - INFO - Key received - ~Space
2024-01-25 23:31:20.156 - INFO - Key received - ~n
2024-01-25 23:31:20.328 - INFO - Key received - ~h
2024-01-25 23:31:20.406 - INFO - Key received - ~e
2024-01-25 23:31:20.703 - INFO - Key received - ~Enter
2024-01-25 23:32:03.968 - INFO - Key received - ~Enter
2024-01-25 23:40:13.328 - INFO - Key received - ~m
2024-01-25 23:41:08.406 - INFO - Key received - ~f
2024-01-25 23:49:07.093 - INFO - Key received - ~Enter
2024-01-25 23:49:07.359 - INFO - Key received - ~Enter
2024-01-25 23:49:07.593 - INFO - Key received - ~Enter
2024-01-25 23:49:07.796 - INFO - Key received - ~Enter
2024-01-25 23:49:08.015 - INFO - Key received - ~Enter
2024-01-25 23:49:08.234 - INFO - Key received - ~Enter
2024-01-25 23:49:08.453 - INFO - Key received - ~Enter
2024-01-25 23:49:08.671 - INFO - Key received - ~Enter
2024-01-25 23:49:09.921 - INFO - Key received - ~Enter
2024-01-25 23:49:09.125 - INFO - Key received - ~Enter
2024-01-25 23:49:09.343 - INFO - Key received - ~Enter
2024-01-25 23:49:09.562 - INFO - Key received - ~Enter
2024-01-25 23:49:09.812 - INFO - Key received - ~Enter
2024-01-25 23:49:10.031 - INFO - Key received - ~Enter
2024-01-25 23:49:10.265 - INFO - Key received - ~Enter
2024-01-25 23:49:10.500 - INFO - Key received - ~Enter
2024-01-25 23:49:10.734 - INFO - Key received - ~Enter
2024-01-25 23:49:11.968 - INFO - Key received - ~Enter
2024-01-25 23:49:11.187 - INFO - Key received - ~Enter
2024-01-25 23:49:11.421 - INFO - Key received - ~Enter
2024-01-25 23:49:11.656 - INFO - Key received - ~Enter
2024-01-25 23:49:11.875 - INFO - Key received - ~Enter
2024-01-25 23:49:12.109 - INFO - Key received - ~Enter
2024-01-25 23:49:12.343 - INFO - Key received - ~Enter
2024-01-25 23:49:12.562 - INFO - Key received - ~Enter
2024-01-25 23:49:12.812 - INFO - Key received - ~Enter
2024-01-25 23:49:13.046 - INFO - Key received - ~Enter
2024-01-25 23:49:13.250 - INFO - Key received - ~Enter
2024-01-25 23:49:13.468 - INFO - Key received - ~Enter
2024-01-25 23:49:13.703 - INFO - Key received - ~Enter
2024-01-25 23:49:14.937 - INFO - Key received - ~Enter
2024-01-25 23:49:14.171 - INFO - Key received - ~Enter
2024-01-25 23:49:14.406 - INFO - Key received - ~Enter
2024-01-25 23:49:14.640 - INFO - Key received - ~Enter
2024-01-25 23:49:14.859 - INFO - Key received - ~Enter
2024-01-25 23:49:15.093 - INFO - Key received - ~Enter
2024-01-25 23:49:15.328 - INFO - Key received - ~Enter
2024-01-25 23:49:15.546 - INFO - Key received - ~Enter
2024-01-25 23:51:23.515 - INFO - Key received - ~Escape
2024-01-25 23:51:24.906 - INFO - Key received - ~Escape
2024-01-25 23:52:19.250 - INFO - Key received - ~Escape
2024-01-25 23:55:29.187 - INFO - Key received - ~Escape
2024-01-25 23:55:40.375 - INFO - Key received - ~Escape
2024-01-25 23:55:40.609 - INFO - Key received - ~Escape
2024-01-25 23:55:43.953 - INFO - Key received - ~Escape
2024-01-25 23:55:43.125 - INFO - Key received - ~Escape
2024-01-25 23:55:43.328 - INFO - Key received - ~Escape
2024-01-25 23:55:50.578 - INFO - Key received - ~a
2024-01-25 23:58:05.343 - INFO - Key received - ~m
2024-01-25 23:58:07.843 - INFO - Key received - ~m
2024-01-25 23:58:10.687 - INFO - Key received - ~m
2024-01-25 23:58:12.453 - INFO - Key received - ~m
